This is pdfTeX, Version 3.14159265-2.6-1.40.20 (TeX Live 2019) (preloaded format=pdflatex 2019.9.9)  2 OCT 2019 22:17
entering extended mode
 restricted \write18 enabled.
 %&-line parsing enabled.
**LinkageSpec.tex
(./LinkageSpec.tex
LaTeX2e <2018-12-01>
(./sphinxmanual.cls
Document Class: sphinxmanual 2018/12/23 v2.0 Document class (Sphinx manual)
(/usr/local/texlive/2019/texmf-dist/tex/latex/base/report.cls
Document Class: report 2018/09/03 v1.4i Standard LaTeX document class
(/usr/local/texlive/2019/texmf-dist/tex/latex/base/size10.clo
File: size10.clo 2018/09/03 v1.4i Standard LaTeX file (size option)
)
\c@part=\count80
\c@chapter=\count81
\c@section=\count82
\c@subsection=\count83
\c@subsubsection=\count84
\c@paragraph=\count85
\c@subparagraph=\count86
\c@figure=\count87
\c@table=\count88
\abovecaptionskip=\skip41
\belowcaptionskip=\skip42
\bibindent=\dimen102
))
(/usr/local/texlive/2019/texmf-dist/tex/latex/base/inputenc.sty
Package: inputenc 2018/08/11 v1.3c Input encoding file
\inpenc@prehook=\toks14
\inpenc@posthook=\toks15
)
   defining Unicode char U+00A0 (decimal 160)
   defining Unicode char U+2500 (decimal 9472)
   defining Unicode char U+2502 (decimal 9474)
   defining Unicode char U+2514 (decimal 9492)
   defining Unicode char U+251C (decimal 9500)
   defining Unicode char U+2572 (decimal 9586)

(/usr/local/texlive/2019/texmf-dist/tex/latex/cmap/cmap.sty
Package: cmap 2008/03/06 v1.0h CMap support: searchable PDF
)
(/usr/local/texlive/2019/texmf-dist/tex/latex/base/fontenc.sty
Package: fontenc 2018/08/11 v2.0j Standard LaTeX package

(/usr/local/texlive/2019/texmf-dist/tex/latex/base/t1enc.def
File: t1enc.def 2018/08/11 v2.0j Standard LaTeX file
LaTeX Font Info:    Redeclaring font encoding T1 on input line 48.
)<<t1.cmap>>)
(/usr/local/texlive/2019/texmf-dist/tex/latex/amsmath/amsmath.sty
Package: amsmath 2018/12/01 v2.17b AMS math features
\@mathmargin=\skip43

For additional information on amsmath, use the `?' option.
(/usr/local/texlive/2019/texmf-dist/tex/latex/amsmath/amstext.sty
Package: amstext 2000/06/29 v2.01 AMS text

(/usr/local/texlive/2019/texmf-dist/tex/latex/amsmath/amsgen.sty
File: amsgen.sty 1999/11/30 v2.0 generic functions
\@emptytoks=\toks16
\ex@=\dimen103
))
(/usr/local/texlive/2019/texmf-dist/tex/latex/amsmath/amsbsy.sty
Package: amsbsy 1999/11/29 v1.2d Bold Symbols
\pmbraise@=\dimen104
)
(/usr/local/texlive/2019/texmf-dist/tex/latex/amsmath/amsopn.sty
Package: amsopn 2016/03/08 v2.02 operator names
)
\inf@bad=\count89
LaTeX Info: Redefining \frac on input line 223.
\uproot@=\count90
\leftroot@=\count91
LaTeX Info: Redefining \overline on input line 385.
\classnum@=\count92
\DOTSCASE@=\count93
LaTeX Info: Redefining \ldots on input line 482.
LaTeX Info: Redefining \dots on input line 485.
LaTeX Info: Redefining \cdots on input line 606.
\Mathstrutbox@=\box27
\strutbox@=\box28
\big@size=\dimen105
LaTeX Font Info:    Redeclaring font encoding OML on input line 729.
LaTeX Font Info:    Redeclaring font encoding OMS on input line 730.
\macc@depth=\count94
\c@MaxMatrixCols=\count95
\dotsspace@=\muskip10
\c@parentequation=\count96
\dspbrk@lvl=\count97
\tag@help=\toks17
\row@=\count98
\column@=\count99
\maxfields@=\count100
\andhelp@=\toks18
\eqnshift@=\dimen106
\alignsep@=\dimen107
\tagshift@=\dimen108
\tagwidth@=\dimen109
\totwidth@=\dimen110
\lineht@=\dimen111
\@envbody=\toks19
\multlinegap=\skip44
\multlinetaggap=\skip45
\mathdisplay@stack=\toks20
LaTeX Info: Redefining \[ on input line 2844.
LaTeX Info: Redefining \] on input line 2845.
)
(/usr/local/texlive/2019/texmf-dist/tex/latex/amsfonts/amssymb.sty
Package: amssymb 2013/01/14 v3.01 AMS font symbols

(/usr/local/texlive/2019/texmf-dist/tex/latex/amsfonts/amsfonts.sty
Package: amsfonts 2013/01/14 v3.01 Basic AMSFonts support
\symAMSa=\mathgroup4
\symAMSb=\mathgroup5
LaTeX Font Info:    Overwriting math alphabet `\mathfrak' in version `bold'
(Font)                  U/euf/m/n --> U/euf/b/n on input line 106.
))
(/usr/local/texlive/2019/texmf-dist/tex/generic/babel/babel.sty
Package: babel 2019/07/19 3.33 The Babel package

(/usr/local/texlive/2019/texmf-dist/tex/generic/babel/switch.def
File: switch.def 2019/07/19 3.33 Babel switching mechanism
)
(/usr/local/texlive/2019/texmf-dist/tex/generic/babel-english/english.ldf
Language: english 2017/06/06 v3.3r English support from the babel system

(/usr/local/texlive/2019/texmf-dist/tex/generic/babel/babel.def
File: babel.def 2019/07/19 3.33 Babel common definitions
\babel@savecnt=\count101
\U@D=\dimen112

(/usr/local/texlive/2019/texmf-dist/tex/generic/babel/txtbabel.def)
\bbl@dirlevel=\count102
)
\l@canadian = a dialect from \language\l@american 
\l@australian = a dialect from \language\l@british 
\l@newzealand = a dialect from \language\l@british 
))
(/usr/local/texlive/2019/texmf-dist/tex/latex/psnfss/times.sty
Package: times 2005/04/12 PSNFSS-v9.2a (SPQR) 
)
(/usr/local/texlive/2019/texmf-dist/tex/latex/fncychap/fncychap.sty
Package: fncychap 2007/07/30 v1.34 LaTeX package (Revised chapters)
\RW=\skip46
\mylen=\skip47
\myhi=\skip48
\px=\skip49
\py=\skip50
\pyy=\skip51
\pxx=\skip52
\c@AlphaCnt=\count103
\c@AlphaDecCnt=\count104
)
(./sphinx.sty
Package: sphinx 2019/06/04 v2.1.1 LaTeX package (Sphinx markup)

(/usr/local/texlive/2019/texmf-dist/tex/generic/oberdiek/ltxcmds.sty
Package: ltxcmds 2016/05/16 v1.23 LaTeX kernel commands for general use (HO)
)
(/usr/local/texlive/2019/texmf-dist/tex/latex/graphics/graphicx.sty
Package: graphicx 2017/06/01 v1.1a Enhanced LaTeX Graphics (DPC,SPQR)

(/usr/local/texlive/2019/texmf-dist/tex/latex/graphics/keyval.sty
Package: keyval 2014/10/28 v1.15 key=value parser (DPC)
\KV@toks@=\toks21
)
(/usr/local/texlive/2019/texmf-dist/tex/latex/graphics/graphics.sty
Package: graphics 2017/06/25 v1.2c Standard LaTeX Graphics (DPC,SPQR)

(/usr/local/texlive/2019/texmf-dist/tex/latex/graphics/trig.sty
Package: trig 2016/01/03 v1.10 sin cos tan (DPC)
)
(/usr/local/texlive/2019/texmf-dist/tex/latex/graphics-cfg/graphics.cfg
File: graphics.cfg 2016/06/04 v1.11 sample graphics configuration
)
Package graphics Info: Driver file: pdftex.def on input line 99.

(/usr/local/texlive/2019/texmf-dist/tex/latex/graphics-def/pdftex.def
File: pdftex.def 2018/01/08 v1.0l Graphics/color driver for pdftex
))
\Gin@req@height=\dimen113
\Gin@req@width=\dimen114
)
(/usr/local/texlive/2019/texmf-dist/tex/latex/fancyhdr/fancyhdr.sty
Package: fancyhdr 2019/01/31 v3.10 Extensive control of page headers and footer
s
\f@nch@headwidth=\skip53
\f@nch@O@elh=\skip54
\f@nch@O@erh=\skip55
\f@nch@O@olh=\skip56
\f@nch@O@orh=\skip57
\f@nch@O@elf=\skip58
\f@nch@O@erf=\skip59
\f@nch@O@olf=\skip60
\f@nch@O@orf=\skip61
)
(/usr/local/texlive/2019/texmf-dist/tex/latex/base/textcomp.sty
Package: textcomp 2018/08/11 v2.0j Standard LaTeX package
Package textcomp Info: Sub-encoding information:
(textcomp)               5 = only ISO-Adobe without \textcurrency
(textcomp)               4 = 5 + \texteuro
(textcomp)               3 = 4 + \textohm
(textcomp)               2 = 3 + \textestimated + \textcurrency
(textcomp)               1 = TS1 - \textcircled - \t
(textcomp)               0 = TS1 (full)
(textcomp)             Font families with sub-encoding setting implement
(textcomp)             only a restricted character set as indicated.
(textcomp)             Family '?' is the default used for unknown fonts.
(textcomp)             See the documentation for details.
Package textcomp Info: Setting ? sub-encoding to TS1/1 on input line 79.

(/usr/local/texlive/2019/texmf-dist/tex/latex/base/ts1enc.def
File: ts1enc.def 2001/06/05 v3.0e (jk/car/fm) Standard LaTeX file
Now handling font encoding TS1 ...
... processing UTF-8 mapping file for font encoding TS1

(/usr/local/texlive/2019/texmf-dist/tex/latex/base/ts1enc.dfu
File: ts1enc.dfu 2018/10/05 v1.2f UTF-8 support for inputenc
   defining Unicode char U+00A2 (decimal 162)
   defining Unicode char U+00A3 (decimal 163)
   defining Unicode char U+00A4 (decimal 164)
   defining Unicode char U+00A5 (decimal 165)
   defining Unicode char U+00A6 (decimal 166)
   defining Unicode char U+00A7 (decimal 167)
   defining Unicode char U+00A8 (decimal 168)
   defining Unicode char U+00A9 (decimal 169)
   defining Unicode char U+00AA (decimal 170)
   defining Unicode char U+00AC (decimal 172)
   defining Unicode char U+00AE (decimal 174)
   defining Unicode char U+00AF (decimal 175)
   defining Unicode char U+00B0 (decimal 176)
   defining Unicode char U+00B1 (decimal 177)
   defining Unicode char U+00B2 (decimal 178)
   defining Unicode char U+00B3 (decimal 179)
   defining Unicode char U+00B4 (decimal 180)
   defining Unicode char U+00B5 (decimal 181)
   defining Unicode char U+00B6 (decimal 182)
   defining Unicode char U+00B7 (decimal 183)
   defining Unicode char U+00B9 (decimal 185)
   defining Unicode char U+00BA (decimal 186)
   defining Unicode char U+00BC (decimal 188)
   defining Unicode char U+00BD (decimal 189)
   defining Unicode char U+00BE (decimal 190)
   defining Unicode char U+00D7 (decimal 215)
   defining Unicode char U+00F7 (decimal 247)
   defining Unicode char U+0192 (decimal 402)
   defining Unicode char U+02C7 (decimal 711)
   defining Unicode char U+02D8 (decimal 728)
   defining Unicode char U+02DD (decimal 733)
   defining Unicode char U+0E3F (decimal 3647)
   defining Unicode char U+2016 (decimal 8214)
   defining Unicode char U+2020 (decimal 8224)
   defining Unicode char U+2021 (decimal 8225)
   defining Unicode char U+2022 (decimal 8226)
   defining Unicode char U+2030 (decimal 8240)
   defining Unicode char U+2031 (decimal 8241)
   defining Unicode char U+203B (decimal 8251)
   defining Unicode char U+203D (decimal 8253)
   defining Unicode char U+2044 (decimal 8260)
   defining Unicode char U+204E (decimal 8270)
   defining Unicode char U+2052 (decimal 8274)
   defining Unicode char U+20A1 (decimal 8353)
   defining Unicode char U+20A4 (decimal 8356)
   defining Unicode char U+20A6 (decimal 8358)
   defining Unicode char U+20A9 (decimal 8361)
   defining Unicode char U+20AB (decimal 8363)
   defining Unicode char U+20AC (decimal 8364)
   defining Unicode char U+20B1 (decimal 8369)
   defining Unicode char U+2103 (decimal 8451)
   defining Unicode char U+2116 (decimal 8470)
   defining Unicode char U+2117 (decimal 8471)
   defining Unicode char U+211E (decimal 8478)
   defining Unicode char U+2120 (decimal 8480)
   defining Unicode char U+2122 (decimal 8482)
   defining Unicode char U+2126 (decimal 8486)
   defining Unicode char U+2127 (decimal 8487)
   defining Unicode char U+212E (decimal 8494)
   defining Unicode char U+2190 (decimal 8592)
   defining Unicode char U+2191 (decimal 8593)
   defining Unicode char U+2192 (decimal 8594)
   defining Unicode char U+2193 (decimal 8595)
   defining Unicode char U+2329 (decimal 9001)
   defining Unicode char U+232A (decimal 9002)
   defining Unicode char U+2422 (decimal 9250)
   defining Unicode char U+25E6 (decimal 9702)
   defining Unicode char U+25EF (decimal 9711)
   defining Unicode char U+266A (decimal 9834)
   defining Unicode char U+FEFF (decimal 65279)
))
LaTeX Info: Redefining \oldstylenums on input line 334.
Package textcomp Info: Setting cmr sub-encoding to TS1/0 on input line 349.
Package textcomp Info: Setting cmss sub-encoding to TS1/0 on input line 350.
Package textcomp Info: Setting cmtt sub-encoding to TS1/0 on input line 351.
Package textcomp Info: Setting cmvtt sub-encoding to TS1/0 on input line 352.
Package textcomp Info: Setting cmbr sub-encoding to TS1/0 on input line 353.
Package textcomp Info: Setting cmtl sub-encoding to TS1/0 on input line 354.
Package textcomp Info: Setting ccr sub-encoding to TS1/0 on input line 355.
Package textcomp Info: Setting ptm sub-encoding to TS1/4 on input line 356.
Package textcomp Info: Setting pcr sub-encoding to TS1/4 on input line 357.
Package textcomp Info: Setting phv sub-encoding to TS1/4 on input line 358.
Package textcomp Info: Setting ppl sub-encoding to TS1/3 on input line 359.
Package textcomp Info: Setting pag sub-encoding to TS1/4 on input line 360.
Package textcomp Info: Setting pbk sub-encoding to TS1/4 on input line 361.
Package textcomp Info: Setting pnc sub-encoding to TS1/4 on input line 362.
Package textcomp Info: Setting pzc sub-encoding to TS1/4 on input line 363.
Package textcomp Info: Setting bch sub-encoding to TS1/4 on input line 364.
Package textcomp Info: Setting put sub-encoding to TS1/5 on input line 365.
Package textcomp Info: Setting uag sub-encoding to TS1/5 on input line 366.
Package textcomp Info: Setting ugq sub-encoding to TS1/5 on input line 367.
Package textcomp Info: Setting ul8 sub-encoding to TS1/4 on input line 368.
Package textcomp Info: Setting ul9 sub-encoding to TS1/4 on input line 369.
Package textcomp Info: Setting augie sub-encoding to TS1/5 on input line 370.
Package textcomp Info: Setting dayrom sub-encoding to TS1/3 on input line 371.
Package textcomp Info: Setting dayroms sub-encoding to TS1/3 on input line 372.

Package textcomp Info: Setting pxr sub-encoding to TS1/0 on input line 373.
Package textcomp Info: Setting pxss sub-encoding to TS1/0 on input line 374.
Package textcomp Info: Setting pxtt sub-encoding to TS1/0 on input line 375.
Package textcomp Info: Setting txr sub-encoding to TS1/0 on input line 376.
Package textcomp Info: Setting txss sub-encoding to TS1/0 on input line 377.
Package textcomp Info: Setting txtt sub-encoding to TS1/0 on input line 378.
Package textcomp Info: Setting lmr sub-encoding to TS1/0 on input line 379.
Package textcomp Info: Setting lmdh sub-encoding to TS1/0 on input line 380.
Package textcomp Info: Setting lmss sub-encoding to TS1/0 on input line 381.
Package textcomp Info: Setting lmssq sub-encoding to TS1/0 on input line 382.
Package textcomp Info: Setting lmvtt sub-encoding to TS1/0 on input line 383.
Package textcomp Info: Setting lmtt sub-encoding to TS1/0 on input line 384.
Package textcomp Info: Setting qhv sub-encoding to TS1/0 on input line 385.
Package textcomp Info: Setting qag sub-encoding to TS1/0 on input line 386.
Package textcomp Info: Setting qbk sub-encoding to TS1/0 on input line 387.
Package textcomp Info: Setting qcr sub-encoding to TS1/0 on input line 388.
Package textcomp Info: Setting qcs sub-encoding to TS1/0 on input line 389.
Package textcomp Info: Setting qpl sub-encoding to TS1/0 on input line 390.
Package textcomp Info: Setting qtm sub-encoding to TS1/0 on input line 391.
Package textcomp Info: Setting qzc sub-encoding to TS1/0 on input line 392.
Package textcomp Info: Setting qhvc sub-encoding to TS1/0 on input line 393.
Package textcomp Info: Setting futs sub-encoding to TS1/4 on input line 394.
Package textcomp Info: Setting futx sub-encoding to TS1/4 on input line 395.
Package textcomp Info: Setting futj sub-encoding to TS1/4 on input line 396.
Package textcomp Info: Setting hlh sub-encoding to TS1/3 on input line 397.
Package textcomp Info: Setting hls sub-encoding to TS1/3 on input line 398.
Package textcomp Info: Setting hlst sub-encoding to TS1/3 on input line 399.
Package textcomp Info: Setting hlct sub-encoding to TS1/5 on input line 400.
Package textcomp Info: Setting hlx sub-encoding to TS1/5 on input line 401.
Package textcomp Info: Setting hlce sub-encoding to TS1/5 on input line 402.
Package textcomp Info: Setting hlcn sub-encoding to TS1/5 on input line 403.
Package textcomp Info: Setting hlcw sub-encoding to TS1/5 on input line 404.
Package textcomp Info: Setting hlcf sub-encoding to TS1/5 on input line 405.
Package textcomp Info: Setting pplx sub-encoding to TS1/3 on input line 406.
Package textcomp Info: Setting pplj sub-encoding to TS1/3 on input line 407.
Package textcomp Info: Setting ptmx sub-encoding to TS1/4 on input line 408.
Package textcomp Info: Setting ptmj sub-encoding to TS1/4 on input line 409.
)
(/usr/local/texlive/2019/texmf-dist/tex/latex/titlesec/titlesec.sty
Package: titlesec 2019/07/16 v2.11 Sectioning titles
\ttl@box=\box29
\beforetitleunit=\skip62
\aftertitleunit=\skip63
\ttl@plus=\dimen115
\ttl@minus=\dimen116
\ttl@toksa=\toks22
\titlewidth=\dimen117
\titlewidthlast=\dimen118
\titlewidthfirst=\dimen119
)
(/usr/local/texlive/2019/texmf-dist/tex/latex/tabulary/tabulary.sty
Package: tabulary 2014/06/11 v0.10 tabulary package (DPC)

(/usr/local/texlive/2019/texmf-dist/tex/latex/tools/array.sty
Package: array 2018/12/30 v2.4k Tabular extension package (FMi)
\col@sep=\dimen120
\ar@mcellbox=\box30
\extrarowheight=\dimen121
\NC@list=\toks23
\extratabsurround=\skip64
\backup@length=\skip65
\ar@cellbox=\box31
)
\TY@count=\count105
\TY@linewidth=\dimen122
\tymin=\dimen123
\tymax=\dimen124
\TY@tablewidth=\dimen125
)
(/usr/local/texlive/2019/texmf-dist/tex/latex/tools/longtable.sty
Package: longtable 2014/10/28 v4.11 Multi-page Table package (DPC)+ FMi change
\LTleft=\skip66
\LTright=\skip67
\LTpre=\skip68
\LTpost=\skip69
\LTchunksize=\count106
\LTcapwidth=\dimen126
\LT@head=\box32
\LT@firsthead=\box33
\LT@foot=\box34
\LT@lastfoot=\box35
\LT@cols=\count107
\LT@rows=\count108
\c@LT@tables=\count109
\c@LT@chunks=\count110
\LT@p@ftn=\toks24
)
(/usr/local/texlive/2019/texmf-dist/tex/latex/varwidth/varwidth.sty
Package: varwidth 2009/03/30 ver 0.92;  Variable-width minipages
\@vwid@box=\box36
\sift@deathcycles=\count111
\@vwid@loff=\dimen127
\@vwid@roff=\dimen128
)
(./sphinxmulticell.sty
Package: sphinxmulticell 2017/02/23 v1.6 better span rows and columns of a tabl
e (Sphinx team)
\sphinx@TY@tablewidth=\dimen129
)
(/usr/local/texlive/2019/texmf-dist/tex/latex/base/makeidx.sty
Package: makeidx 2014/09/29 v1.0m Standard LaTeX package
)
(/usr/local/texlive/2019/texmf-dist/tex/latex/framed/framed.sty
Package: framed 2011/10/22 v 0.96: framed or shaded text with page breaks
\OuterFrameSep=\skip70
\fb@frw=\dimen130
\fb@frh=\dimen131
\FrameRule=\dimen132
\FrameSep=\dimen133
)
(/usr/local/texlive/2019/texmf-dist/tex/latex/xcolor/xcolor.sty
Package: xcolor 2016/05/11 v2.12 LaTeX color extensions (UK)

(/usr/local/texlive/2019/texmf-dist/tex/latex/graphics-cfg/color.cfg
File: color.cfg 2016/01/02 v1.6 sample color configuration
)
Package xcolor Info: Driver file: pdftex.def on input line 225.
Package xcolor Info: Model `cmy' substituted by `cmy0' on input line 1348.
Package xcolor Info: Model `hsb' substituted by `rgb' on input line 1352.
Package xcolor Info: Model `RGB' extended on input line 1364.
Package xcolor Info: Model `HTML' substituted by `rgb' on input line 1366.
Package xcolor Info: Model `Hsb' substituted by `hsb' on input line 1367.
Package xcolor Info: Model `tHsb' substituted by `hsb' on input line 1368.
Package xcolor Info: Model `HSB' substituted by `hsb' on input line 1369.
Package xcolor Info: Model `Gray' substituted by `gray' on input line 1370.
Package xcolor Info: Model `wave' substituted by `hsb' on input line 1371.
)
(/usr/local/texlive/2019/texmf-dist/tex/latex/fancyvrb/fancyvrb.sty
Package: fancyvrb 2019/01/15

Style option: `fancyvrb' v3.2a <2019/01/15> (tvz)
\FV@CodeLineNo=\count112
\FV@InFile=\read1
\FV@TabBox=\box37
\c@FancyVerbLine=\count113
\FV@StepNumber=\count114
\FV@OutFile=\write3
) (./footnotehyper-sphinx.sty
Package: footnotehyper-sphinx 2017/10/27 v1.7 hyperref aware footnote.sty for s
phinx (JFB)
\FNH@notes=\box38
\FNH@width=\dimen134
) (/usr/local/texlive/2019/texmf-dist/tex/latex/float/float.sty
Package: float 2001/11/08 v1.3d Float enhancements (AL)
\c@float@type=\count115
\float@exts=\toks25
\float@box=\box39
\@float@everytoks=\toks26
\@floatcapt=\box40
)
(/usr/local/texlive/2019/texmf-dist/tex/latex/wrapfig/wrapfig.sty
\wrapoverhang=\dimen135
\WF@size=\dimen136
\c@WF@wrappedlines=\count116
\WF@box=\box41
\WF@everypar=\toks27
Package: wrapfig 2003/01/31  v 3.6
)
(/usr/local/texlive/2019/texmf-dist/tex/latex/parskip/parskip.sty
Rollback for package 'parskip' requested -> version 'v1'.
         This corresponds to the release introduced on 2001-04-09.

(/usr/local/texlive/2019/texmf-dist/tex/latex/parskip/parskip-2001-04-09.sty
Package: parskip 2001/04/09 non-zero parskip adjustments
))
(/usr/local/texlive/2019/texmf-dist/tex/latex/base/alltt.sty
Package: alltt 1997/06/16 v2.0g defines alltt environment
)
(/usr/local/texlive/2019/texmf-dist/tex/latex/upquote/upquote.sty
Package: upquote 2012/04/19 v1.3 upright-quote and grave-accent glyphs in verba
tim
)
(/usr/local/texlive/2019/texmf-dist/tex/latex/capt-of/capt-of.sty
Package: capt-of 2009/12/29 v0.2 standard captions outside of floats
)
(/usr/local/texlive/2019/texmf-dist/tex/latex/needspace/needspace.sty
Package: needspace 2010/09/12 v1.3d reserve vertical space
)
(./sphinxhighlight.sty
Package: sphinxhighlight 2016/05/29 stylesheet for highlighting with pygments
)
(/usr/local/texlive/2019/texmf-dist/tex/latex/oberdiek/kvoptions.sty
Package: kvoptions 2016/05/16 v3.12 Key value format for package options (HO)

(/usr/local/texlive/2019/texmf-dist/tex/generic/oberdiek/kvsetkeys.sty
Package: kvsetkeys 2016/05/16 v1.17 Key value parser (HO)

(/usr/local/texlive/2019/texmf-dist/tex/generic/oberdiek/infwarerr.sty
Package: infwarerr 2016/05/16 v1.4 Providing info/warning/error messages (HO)
)
(/usr/local/texlive/2019/texmf-dist/tex/generic/oberdiek/etexcmds.sty
Package: etexcmds 2016/05/16 v1.6 Avoid name clashes with e-TeX commands (HO)

(/usr/local/texlive/2019/texmf-dist/tex/generic/oberdiek/ifluatex.sty
Package: ifluatex 2016/05/16 v1.4 Provides the ifluatex switch (HO)
Package ifluatex Info: LuaTeX not detected.
))))
\sphinxverbatimsep=\dimen137
\sphinxverbatimborder=\dimen138
\sphinxshadowsep=\dimen139
\sphinxshadowsize=\dimen140
\sphinxshadowrule=\dimen141
\spx@notice@border=\dimen142
\spx@image@maxheight=\dimen143
\spx@image@box=\dimen144
\c@literalblock=\count117
\sphinxcontinuationbox=\box42
\sphinxvisiblespacebox=\box43
\sphinxVerbatim@TitleBox=\box44
\py@argswidth=\skip71
\lineblockindentation=\skip72
\DUlineblockindent=\skip73
)
(/usr/local/texlive/2019/texmf-dist/tex/latex/hyperref/hyperref.sty
Package: hyperref 2019/06/12 v6.88h Hypertext links for LaTeX

(/usr/local/texlive/2019/texmf-dist/tex/generic/oberdiek/hobsub-hyperref.sty
Package: hobsub-hyperref 2016/05/16 v1.14 Bundle oberdiek, subset hyperref (HO)


(/usr/local/texlive/2019/texmf-dist/tex/generic/oberdiek/hobsub-generic.sty
Package: hobsub-generic 2016/05/16 v1.14 Bundle oberdiek, subset generic (HO)
Package: hobsub 2016/05/16 v1.14 Construct package bundles (HO)
Package hobsub Info: Skipping package `infwarerr' (already loaded).
Package hobsub Info: Skipping package `ltxcmds' (already loaded).
Package hobsub Info: Skipping package `ifluatex' (already loaded).
Package: ifvtex 2016/05/16 v1.6 Detect VTeX and its facilities (HO)
Package ifvtex Info: VTeX not detected.
Package: intcalc 2016/05/16 v1.2 Expandable calculations with integers (HO)
Package: ifpdf 2018/09/07 v3.3 Provides the ifpdf switch
Package hobsub Info: Skipping package `etexcmds' (already loaded).
Package hobsub Info: Skipping package `kvsetkeys' (already loaded).
Package: kvdefinekeys 2016/05/16 v1.4 Define keys (HO)
Package: pdftexcmds 2019/07/25 v0.30 Utility functions of pdfTeX for LuaTeX (HO
)
Package pdftexcmds Info: LuaTeX not detected.
Package pdftexcmds Info: \pdf@primitive is available.
Package pdftexcmds Info: \pdf@ifprimitive is available.
Package pdftexcmds Info: \pdfdraftmode found.
Package: pdfescape 2016/05/16 v1.14 Implements pdfTeX's escape features (HO)
Package: bigintcalc 2016/05/16 v1.4 Expandable calculations on big integers (HO
)
Package: bitset 2016/05/16 v1.2 Handle bit-vector datatype (HO)
Package: uniquecounter 2016/05/16 v1.3 Provide unlimited unique counter (HO)
)
Package hobsub Info: Skipping package `hobsub' (already loaded).
Package: letltxmacro 2016/05/16 v1.5 Let assignment for LaTeX macros (HO)
Package: hopatch 2016/05/16 v1.3 Wrapper for package hooks (HO)
Package: xcolor-patch 2016/05/16 xcolor patch
Package: atveryend 2016/05/16 v1.9 Hooks at the very end of document (HO)
Package atveryend Info: \enddocument detected (standard20110627).
Package: atbegshi 2016/06/09 v1.18 At begin shipout hook (HO)
Package: refcount 2016/05/16 v3.5 Data extraction from label references (HO)
Package: hycolor 2016/05/16 v1.8 Color options for hyperref/bookmark (HO)
)
(/usr/local/texlive/2019/texmf-dist/tex/generic/ifxetex/ifxetex.sty
Package: ifxetex 2010/09/12 v0.6 Provides ifxetex conditional
)
(/usr/local/texlive/2019/texmf-dist/tex/latex/oberdiek/auxhook.sty
Package: auxhook 2016/05/16 v1.4 Hooks for auxiliary files (HO)
)
\@linkdim=\dimen145
\Hy@linkcounter=\count118
\Hy@pagecounter=\count119

(/usr/local/texlive/2019/texmf-dist/tex/latex/hyperref/pd1enc.def
File: pd1enc.def 2019/06/12 v6.88h Hyperref: PDFDocEncoding definition (HO)
Now handling font encoding PD1 ...
... no UTF-8 mapping file for font encoding PD1
)
\Hy@SavedSpaceFactor=\count120

(/usr/local/texlive/2019/texmf-dist/tex/latex/latexconfig/hyperref.cfg
File: hyperref.cfg 2002/06/06 v1.2 hyperref configuration of TeXLive
)
Package hyperref Info: Option `unicode' set `true' on input line 4424.

(/usr/local/texlive/2019/texmf-dist/tex/latex/hyperref/puenc.def
File: puenc.def 2019/06/12 v6.88h Hyperref: PDF Unicode definition (HO)
Now handling font encoding PU ...
... no UTF-8 mapping file for font encoding PU
)
Package hyperref Info: Option `colorlinks' set `true' on input line 4424.
Package hyperref Info: Option `breaklinks' set `true' on input line 4424.
Package hyperref Info: Hyper figures OFF on input line 4550.
Package hyperref Info: Link nesting OFF on input line 4555.
Package hyperref Info: Hyper index ON on input line 4558.
Package hyperref Info: Plain pages OFF on input line 4565.
Package hyperref Info: Backreferencing OFF on input line 4570.
Package hyperref Info: Implicit mode ON; LaTeX internals redefined.
Package hyperref Info: Bookmarks ON on input line 4803.
\c@Hy@tempcnt=\count121

(/usr/local/texlive/2019/texmf-dist/tex/latex/url/url.sty
\Urlmuskip=\muskip11
Package: url 2013/09/16  ver 3.4  Verb mode for urls, etc.
)
LaTeX Info: Redefining \url on input line 5156.
\XeTeXLinkMargin=\dimen146
\Fld@menulength=\count122
\Field@Width=\dimen147
\Fld@charsize=\dimen148
Package hyperref Info: Hyper figures OFF on input line 6411.
Package hyperref Info: Link nesting OFF on input line 6416.
Package hyperref Info: Hyper index ON on input line 6419.
Package hyperref Info: backreferencing OFF on input line 6426.
Package hyperref Info: Link coloring ON on input line 6429.
Package hyperref Info: Link coloring with OCG OFF on input line 6436.
Package hyperref Info: PDF/A mode OFF on input line 6441.
LaTeX Info: Redefining \ref on input line 6481.
LaTeX Info: Redefining \pageref on input line 6485.
\Hy@abspage=\count123
\c@Item=\count124
\c@Hfootnote=\count125
)
Package hyperref Info: Driver (autodetected): hpdftex.

(/usr/local/texlive/2019/texmf-dist/tex/latex/hyperref/hpdftex.def
File: hpdftex.def 2019/06/12 v6.88h Hyperref driver for pdfTeX
\Fld@listcount=\count126
\c@bookmark@seq@number=\count127

(/usr/local/texlive/2019/texmf-dist/tex/latex/oberdiek/rerunfilecheck.sty
Package: rerunfilecheck 2016/05/16 v1.8 Rerun checks for auxiliary files (HO)
Package uniquecounter Info: New unique counter `rerunfilecheck' on input line 2
82.
)
\Hy@SectionHShift=\skip74
)
(/usr/local/texlive/2019/texmf-dist/tex/latex/oberdiek/hypcap.sty
Package: hypcap 2016/05/16 v1.12 Adjusting the anchors of captions (HO)
)
(./sphinxmessages.sty
Package: sphinxmessages 2019/01/04 v2.0 Localized LaTeX macros (Sphinx team)
)
(/usr/local/texlive/2019/texmf-dist/tex/latex/psnfss/helvet.sty
Package: helvet 2005/04/12 PSNFSS-v9.2a (WaS) 
)
(/usr/local/texlive/2019/texmf-dist/tex/latex/sfmath/sfmath.sty
Package: sfmath 2007/08/27 v0.8 sans serif maths
LaTeX Font Info:    Overwriting symbol font `operators' in version `normal'
(Font)                  OT1/cmr/m/n --> OT1/phv/m/n on input line 329.
LaTeX Font Info:    Overwriting symbol font `operators' in version `bold'
(Font)                  OT1/cmr/bx/n --> OT1/phv/bx/n on input line 330.
\symSFMath=\mathgroup6
LaTeX Font Info:    Overwriting symbol font `SFMath' in version `normal'
(Font)                  OT1/phv/m/sl --> OT1/phv/m/sl on input line 343.
LaTeX Font Info:    Overwriting symbol font `SFMath' in version `bold'
(Font)                  OT1/phv/m/sl --> OT1/phv/bx/sl on input line 344.
LaTeX Font Info:    Redeclaring math symbol \imath on input line 398.
LaTeX Font Info:    Redeclaring math symbol \jmath on input line 399.
\symSFMathUp=\mathgroup7
LaTeX Font Info:    Overwriting symbol font `SFMathUp' in version `normal'
(Font)                  OT1/phv/m/n --> OT1/phv/m/n on input line 406.
LaTeX Font Info:    Overwriting symbol font `SFMathUp' in version `bold'
(Font)                  OT1/phv/m/n --> OT1/phv/bx/n on input line 407.
LaTeX Font Info:    Redeclaring math symbol \ldotp on input line 410.
\symSFMathGreek=\mathgroup8
LaTeX Font Info:    Overwriting symbol font `SFMathGreek' in version `normal'
(Font)                  OT1/cmss/m/n --> OT1/cmss/m/n on input line 419.
LaTeX Font Info:    Overwriting symbol font `SFMathGreek' in version `bold'
(Font)                  OT1/cmss/m/n --> OT1/cmss/bx/n on input line 420.
LaTeX Font Info:    Redeclaring math symbol \Gamma on input line 422.
LaTeX Font Info:    Redeclaring math symbol \Delta on input line 423.
LaTeX Font Info:    Redeclaring math symbol \Theta on input line 424.
LaTeX Font Info:    Redeclaring math symbol \Lambda on input line 425.
LaTeX Font Info:    Redeclaring math symbol \Xi on input line 426.
LaTeX Font Info:    Redeclaring math symbol \Pi on input line 427.
LaTeX Font Info:    Redeclaring math symbol \Sigma on input line 428.
LaTeX Font Info:    Redeclaring math symbol \Upsilon on input line 429.
LaTeX Font Info:    Redeclaring math symbol \Phi on input line 430.
LaTeX Font Info:    Redeclaring math symbol \Psi on input line 431.
LaTeX Font Info:    Redeclaring math symbol \Omega on input line 432.
\symSFMathUpGreek=\mathgroup9
LaTeX Font Info:    Overwriting symbol font `SFMathUpGreek' in version `normal'

(Font)                  OT1/cmss/m/n --> OT1/cmss/m/n on input line 436.
LaTeX Font Info:    Overwriting symbol font `SFMathUpGreek' in version `bold'
(Font)                  OT1/cmss/m/n --> OT1/cmss/bx/n on input line 437.
LaTeX Font Info:    Overwriting math alphabet `\mathnormal' in version `normal'

(Font)                  OML/cmm/m/it --> OT1/phv/m/sl on input line 446.
LaTeX Font Info:    Overwriting math alphabet `\mathnormal' in version `bold'
(Font)                  OML/cmm/b/it --> OT1/phv/bx/sl on input line 447.
LaTeX Font Info:    Overwriting math alphabet `\mathrm' in version `normal'
(Font)                  OT1/phv/m/n --> OT1/phv/m/n on input line 449.
LaTeX Font Info:    Overwriting math alphabet `\mathrm' in version `bold'
(Font)                  OT1/phv/bx/n --> OT1/phv/bx/n on input line 450.
LaTeX Font Info:    Overwriting math alphabet `\mathbf' in version `normal'
(Font)                  OT1/cmr/bx/n --> OT1/phv/bx/n on input line 452.
LaTeX Font Info:    Overwriting math alphabet `\mathbf' in version `bold'
(Font)                  OT1/cmr/bx/n --> OT1/phv/bx/n on input line 453.
LaTeX Font Info:    Overwriting math alphabet `\mathit' in version `normal'
(Font)                  OT1/cmr/m/it --> OT1/phv/m/sl on input line 455.
LaTeX Font Info:    Overwriting math alphabet `\mathit' in version `bold'
(Font)                  OT1/cmr/bx/it --> OT1/phv/bx/sl on input line 456.
LaTeX Font Info:    Overwriting math alphabet `\mathsf' in version `normal'
(Font)                  OT1/cmss/m/n --> OT1/phv/m/n on input line 458.
LaTeX Font Info:    Overwriting math alphabet `\mathsf' in version `bold'
(Font)                  OT1/cmss/bx/n --> OT1/phv/bx/n on input line 459.
LaTeX Font Info:    Overwriting math alphabet `\mathsl' in version `bold'
(Font)                  OT1/phv/m/sl --> OT1/phv/bx/sl on input line 466.
)
(/usr/local/texlive/2019/texmf-dist/tex/latex/sectsty/sectsty.sty
Package: sectsty 2002/02/25 v2.0.2 Commands to change all sectional heading sty
les
)
(/usr/local/texlive/2019/texmf-dist/tex/latex/enumitem/enumitem.sty
Package: enumitem 2019/06/20 v3.9 Customized lists
\labelindent=\skip75
\enit@outerparindent=\dimen149
\enit@toks=\toks28
\enit@inbox=\box45
\enit@count@id=\count128
\enitdp@description=\count129
)
(/usr/local/texlive/2019/texmf-dist/tex/latex/etoolbox/etoolbox.sty
Package: etoolbox 2018/08/19 v2.5f e-TeX tools for LaTeX (JAW)
\etb@tempcnta=\count130
)
(/usr/local/texlive/2019/texmf-dist/tex/latex/listings/listings.sty
\lst@mode=\count131
\lst@gtempboxa=\box46
\lst@token=\toks29
\lst@length=\count132
\lst@currlwidth=\dimen150
\lst@column=\count133
\lst@pos=\count134
\lst@lostspace=\dimen151
\lst@width=\dimen152
\lst@newlines=\count135
\lst@lineno=\count136
\lst@maxwidth=\dimen153

(/usr/local/texlive/2019/texmf-dist/tex/latex/listings/lstmisc.sty
File: lstmisc.sty 2019/02/27 1.8b (Carsten Heinz)
\c@lstnumber=\count137
\lst@skipnumbers=\count138
\lst@framebox=\box47
)
(/usr/local/texlive/2019/texmf-dist/tex/latex/listings/listings.cfg
File: listings.cfg 2019/02/27 1.8b listings configuration
))
Package: listings 2019/02/27 1.8b (Carsten Heinz)

(/usr/local/texlive/2019/texmf-dist/tex/latex/geometry/geometry.sty
Package: geometry 2018/04/16 v5.8 Page Geometry
\Gm@cnth=\count139
\Gm@cntv=\count140
\c@Gm@tempcnt=\count141
\Gm@bindingoffset=\dimen154
\Gm@wd@mp=\dimen155
\Gm@odd@mp=\dimen156
\Gm@even@mp=\dimen157
\Gm@layoutwidth=\dimen158
\Gm@layoutheight=\dimen159
\Gm@layouthoffset=\dimen160
\Gm@layoutvoffset=\dimen161
\Gm@dimlist=\toks30
)
(/usr/local/texlive/2019/texmf-dist/tex/latex/koma-script/tocstyle.sty
Package: tocstyle 2017/02/23 v0.2i-alpha KOMA-Script package (versatile toc sty
les)


Package tocstyle Warning: THIS IS AN ALPHA VERSION!
(tocstyle)                USAGE OF THIS VERSION IS ON YOUR OWN RISK!
(tocstyle)                EVERYTHING MAY HAPPEN!
(tocstyle)                EVERYTHING MAY CHANGE IN FUTURE!
(tocstyle)                THERE IS NO SUPPORT, IF YOU USE THIS PACKAGE!
(tocstyle)                Maybe it would be better, not to load this package.

\tocstyle@indentstyle=\count142
Package tocstyle Info: no tocstyle.cfg found on input line 942.
)
exclude: leaders
exclude: leaders
exclude: leaders
exclude: leaders
exclude: leaders
exclude: leaders
exclude: leaders
exclude: leaders
exclude: leaders
exclude: leaders
exclude: leaders
exclude: leaders
exclude: leaders
exclude: 
exclude: 
exclude: 
(/usr/local/texlive/2019/texmf-dist/tex/latex/pdfpages/pdfpages.sty
Package: pdfpages 2017/10/31 v0.5l Insert pages of external PDF documents (AM)

(/usr/local/texlive/2019/texmf-dist/tex/latex/base/ifthen.sty
Package: ifthen 2014/09/29 v1.1c Standard LaTeX ifthen package (DPC)
)
(/usr/local/texlive/2019/texmf-dist/tex/latex/tools/calc.sty
Package: calc 2017/05/25 v4.3 Infix arithmetic (KKT,FJ)
\calc@Acount=\count143
\calc@Bcount=\count144
\calc@Adimen=\dimen162
\calc@Bdimen=\dimen163
\calc@Askip=\skip76
\calc@Bskip=\skip77
LaTeX Info: Redefining \setlength on input line 80.
LaTeX Info: Redefining \addtolength on input line 81.
\calc@Ccount=\count145
\calc@Cskip=\skip78
)
(/usr/local/texlive/2019/texmf-dist/tex/latex/eso-pic/eso-pic.sty
Package: eso-pic 2018/04/12 v2.0h eso-pic (RN)
)
\AM@pagewidth=\dimen164
\AM@pageheight=\dimen165

(/usr/local/texlive/2019/texmf-dist/tex/latex/pdfpages/pppdftex.def
File: pppdftex.def 2017/10/31 v0.5l Pdfpages driver for pdfTeX (AM)
)
\AM@pagebox=\box48
\AM@global@opts=\toks31
\AM@toc@title=\toks32
\c@AM@survey=\count146
\AM@templatesizebox=\box49
)
(/usr/local/texlive/2019/texmf-dist/tex/latex/pgf/frontendlayer/tikz.sty
(/usr/local/texlive/2019/texmf-dist/tex/latex/pgf/basiclayer/pgf.sty
(/usr/local/texlive/2019/texmf-dist/tex/latex/pgf/utilities/pgfrcs.sty
(/usr/local/texlive/2019/texmf-dist/tex/generic/pgf/utilities/pgfutil-common.te
x
\pgfutil@everybye=\toks33
\pgfutil@tempdima=\dimen166
\pgfutil@tempdimb=\dimen167

(/usr/local/texlive/2019/texmf-dist/tex/generic/pgf/utilities/pgfutil-common-li
sts.tex))
(/usr/local/texlive/2019/texmf-dist/tex/generic/pgf/utilities/pgfutil-latex.def
\pgfutil@abb=\box50
(/usr/local/texlive/2019/texmf-dist/tex/latex/ms/everyshi.sty
Package: everyshi 2001/05/15 v3.00 EveryShipout Package (MS)
))
(/usr/local/texlive/2019/texmf-dist/tex/generic/pgf/utilities/pgfrcs.code.tex
(/usr/local/texlive/2019/texmf-dist/tex/generic/pgf/pgf.revision.tex)
Package: pgfrcs 2019/08/03 v3.1.4b (3.1.4b)
))
Package: pgf 2019/08/03 v3.1.4b (3.1.4b)

(/usr/local/texlive/2019/texmf-dist/tex/latex/pgf/basiclayer/pgfcore.sty
(/usr/local/texlive/2019/texmf-dist/tex/latex/pgf/systemlayer/pgfsys.sty
(/usr/local/texlive/2019/texmf-dist/tex/generic/pgf/systemlayer/pgfsys.code.tex
Package: pgfsys 2019/08/03 v3.1.4b (3.1.4b)
(/usr/local/texlive/2019/texmf-dist/tex/generic/pgf/utilities/pgfkeys.code.tex
\pgfkeys@pathtoks=\toks34
\pgfkeys@temptoks=\toks35

(/usr/local/texlive/2019/texmf-dist/tex/generic/pgf/utilities/pgfkeysfiltered.c
ode.tex
\pgfkeys@tmptoks=\toks36
))
\pgf@x=\dimen168
\pgf@y=\dimen169
\pgf@xa=\dimen170
\pgf@ya=\dimen171
\pgf@xb=\dimen172
\pgf@yb=\dimen173
\pgf@xc=\dimen174
\pgf@yc=\dimen175
\pgf@xd=\dimen176
\pgf@yd=\dimen177
\w@pgf@writea=\write4
\r@pgf@reada=\read2
\c@pgf@counta=\count147
\c@pgf@countb=\count148
\c@pgf@countc=\count149
\c@pgf@countd=\count150
\t@pgf@toka=\toks37
\t@pgf@tokb=\toks38
\t@pgf@tokc=\toks39
\pgf@sys@id@count=\count151

(/usr/local/texlive/2019/texmf-dist/tex/generic/pgf/systemlayer/pgf.cfg
File: pgf.cfg 2019/08/03 v3.1.4b (3.1.4b)
)
Driver file for pgf: pgfsys-pdftex.def

(/usr/local/texlive/2019/texmf-dist/tex/generic/pgf/systemlayer/pgfsys-pdftex.d
ef
File: pgfsys-pdftex.def 2019/08/03 v3.1.4b (3.1.4b)

(/usr/local/texlive/2019/texmf-dist/tex/generic/pgf/systemlayer/pgfsys-common-p
df.def
File: pgfsys-common-pdf.def 2019/08/03 v3.1.4b (3.1.4b)
)))
(/usr/local/texlive/2019/texmf-dist/tex/generic/pgf/systemlayer/pgfsyssoftpath.
code.tex
File: pgfsyssoftpath.code.tex 2019/08/03 v3.1.4b (3.1.4b)
\pgfsyssoftpath@smallbuffer@items=\count152
\pgfsyssoftpath@bigbuffer@items=\count153
)
(/usr/local/texlive/2019/texmf-dist/tex/generic/pgf/systemlayer/pgfsysprotocol.
code.tex
File: pgfsysprotocol.code.tex 2019/08/03 v3.1.4b (3.1.4b)
))
(/usr/local/texlive/2019/texmf-dist/tex/generic/pgf/basiclayer/pgfcore.code.tex
Package: pgfcore 2019/08/03 v3.1.4b (3.1.4b)
(/usr/local/texlive/2019/texmf-dist/tex/generic/pgf/math/pgfmath.code.tex
(/usr/local/texlive/2019/texmf-dist/tex/generic/pgf/math/pgfmathcalc.code.tex
(/usr/local/texlive/2019/texmf-dist/tex/generic/pgf/math/pgfmathutil.code.tex)
(/usr/local/texlive/2019/texmf-dist/tex/generic/pgf/math/pgfmathparser.code.tex
\pgfmath@dimen=\dimen178
\pgfmath@count=\count154
\pgfmath@box=\box51
\pgfmath@toks=\toks40
\pgfmath@stack@operand=\toks41
\pgfmath@stack@operation=\toks42
)
(/usr/local/texlive/2019/texmf-dist/tex/generic/pgf/math/pgfmathfunctions.code.
tex
(/usr/local/texlive/2019/texmf-dist/tex/generic/pgf/math/pgfmathfunctions.basic
.code.tex)
(/usr/local/texlive/2019/texmf-dist/tex/generic/pgf/math/pgfmathfunctions.trigo
nometric.code.tex)
(/usr/local/texlive/2019/texmf-dist/tex/generic/pgf/math/pgfmathfunctions.rando
m.code.tex)
(/usr/local/texlive/2019/texmf-dist/tex/generic/pgf/math/pgfmathfunctions.compa
rison.code.tex)
(/usr/local/texlive/2019/texmf-dist/tex/generic/pgf/math/pgfmathfunctions.base.
code.tex)
(/usr/local/texlive/2019/texmf-dist/tex/generic/pgf/math/pgfmathfunctions.round
.code.tex)
(/usr/local/texlive/2019/texmf-dist/tex/generic/pgf/math/pgfmathfunctions.misc.
code.tex)
(/usr/local/texlive/2019/texmf-dist/tex/generic/pgf/math/pgfmathfunctions.integ
erarithmetics.code.tex)))
(/usr/local/texlive/2019/texmf-dist/tex/generic/pgf/math/pgfmathfloat.code.tex
\c@pgfmathroundto@lastzeros=\count155
)) (/usr/local/texlive/2019/texmf-dist/tex/generic/pgf/math/pgfint.code.tex)
(/usr/local/texlive/2019/texmf-dist/tex/generic/pgf/basiclayer/pgfcorepoints.co
de.tex
File: pgfcorepoints.code.tex 2019/08/03 v3.1.4b (3.1.4b)
\pgf@picminx=\dimen179
\pgf@picmaxx=\dimen180
\pgf@picminy=\dimen181
\pgf@picmaxy=\dimen182
\pgf@pathminx=\dimen183
\pgf@pathmaxx=\dimen184
\pgf@pathminy=\dimen185
\pgf@pathmaxy=\dimen186
\pgf@xx=\dimen187
\pgf@xy=\dimen188
\pgf@yx=\dimen189
\pgf@yy=\dimen190
\pgf@zx=\dimen191
\pgf@zy=\dimen192
)
(/usr/local/texlive/2019/texmf-dist/tex/generic/pgf/basiclayer/pgfcorepathconst
ruct.code.tex
File: pgfcorepathconstruct.code.tex 2019/08/03 v3.1.4b (3.1.4b)
\pgf@path@lastx=\dimen193
\pgf@path@lasty=\dimen194
)
(/usr/local/texlive/2019/texmf-dist/tex/generic/pgf/basiclayer/pgfcorepathusage
.code.tex
File: pgfcorepathusage.code.tex 2019/08/03 v3.1.4b (3.1.4b)
\pgf@shorten@end@additional=\dimen195
\pgf@shorten@start@additional=\dimen196
)
(/usr/local/texlive/2019/texmf-dist/tex/generic/pgf/basiclayer/pgfcorescopes.co
de.tex
File: pgfcorescopes.code.tex 2019/08/03 v3.1.4b (3.1.4b)
\pgfpic=\box52
\pgf@hbox=\box53
\pgf@layerbox@main=\box54
\pgf@picture@serial@count=\count156
)
(/usr/local/texlive/2019/texmf-dist/tex/generic/pgf/basiclayer/pgfcoregraphicst
ate.code.tex
File: pgfcoregraphicstate.code.tex 2019/08/03 v3.1.4b (3.1.4b)
\pgflinewidth=\dimen197
)
(/usr/local/texlive/2019/texmf-dist/tex/generic/pgf/basiclayer/pgfcoretransform
ations.code.tex
File: pgfcoretransformations.code.tex 2019/08/03 v3.1.4b (3.1.4b)
\pgf@pt@x=\dimen198
\pgf@pt@y=\dimen199
\pgf@pt@temp=\dimen256
)
(/usr/local/texlive/2019/texmf-dist/tex/generic/pgf/basiclayer/pgfcorequick.cod
e.tex
File: pgfcorequick.code.tex 2019/08/03 v3.1.4b (3.1.4b)
)
(/usr/local/texlive/2019/texmf-dist/tex/generic/pgf/basiclayer/pgfcoreobjects.c
ode.tex
File: pgfcoreobjects.code.tex 2019/08/03 v3.1.4b (3.1.4b)
)
(/usr/local/texlive/2019/texmf-dist/tex/generic/pgf/basiclayer/pgfcorepathproce
ssing.code.tex
File: pgfcorepathprocessing.code.tex 2019/08/03 v3.1.4b (3.1.4b)
)
(/usr/local/texlive/2019/texmf-dist/tex/generic/pgf/basiclayer/pgfcorearrows.co
de.tex
File: pgfcorearrows.code.tex 2019/08/03 v3.1.4b (3.1.4b)
\pgfarrowsep=\dimen257
)
(/usr/local/texlive/2019/texmf-dist/tex/generic/pgf/basiclayer/pgfcoreshade.cod
e.tex
File: pgfcoreshade.code.tex 2019/08/03 v3.1.4b (3.1.4b)
\pgf@max=\dimen258
\pgf@sys@shading@range@num=\count157
\pgf@shadingcount=\count158
)
(/usr/local/texlive/2019/texmf-dist/tex/generic/pgf/basiclayer/pgfcoreimage.cod
e.tex
File: pgfcoreimage.code.tex 2019/08/03 v3.1.4b (3.1.4b)

(/usr/local/texlive/2019/texmf-dist/tex/generic/pgf/basiclayer/pgfcoreexternal.
code.tex
File: pgfcoreexternal.code.tex 2019/08/03 v3.1.4b (3.1.4b)
\pgfexternal@startupbox=\box55
))
(/usr/local/texlive/2019/texmf-dist/tex/generic/pgf/basiclayer/pgfcorelayers.co
de.tex
File: pgfcorelayers.code.tex 2019/08/03 v3.1.4b (3.1.4b)
)
(/usr/local/texlive/2019/texmf-dist/tex/generic/pgf/basiclayer/pgfcoretranspare
ncy.code.tex
File: pgfcoretransparency.code.tex 2019/08/03 v3.1.4b (3.1.4b)
)
(/usr/local/texlive/2019/texmf-dist/tex/generic/pgf/basiclayer/pgfcorepatterns.
code.tex
File: pgfcorepatterns.code.tex 2019/08/03 v3.1.4b (3.1.4b)
)
(/usr/local/texlive/2019/texmf-dist/tex/generic/pgf/basiclayer/pgfcorerdf.code.
tex
File: pgfcorerdf.code.tex 2019/08/03 v3.1.4b (3.1.4b)
)))
(/usr/local/texlive/2019/texmf-dist/tex/generic/pgf/modules/pgfmoduleshapes.cod
e.tex
File: pgfmoduleshapes.code.tex 2019/08/03 v3.1.4b (3.1.4b)
\pgfnodeparttextbox=\box56
)
(/usr/local/texlive/2019/texmf-dist/tex/generic/pgf/modules/pgfmoduleplot.code.
tex
File: pgfmoduleplot.code.tex 2019/08/03 v3.1.4b (3.1.4b)
)
(/usr/local/texlive/2019/texmf-dist/tex/latex/pgf/compatibility/pgfcomp-version
-0-65.sty
Package: pgfcomp-version-0-65 2019/08/03 v3.1.4b (3.1.4b)
\pgf@nodesepstart=\dimen259
\pgf@nodesepend=\dimen260
)
(/usr/local/texlive/2019/texmf-dist/tex/latex/pgf/compatibility/pgfcomp-version
-1-18.sty
Package: pgfcomp-version-1-18 2019/08/03 v3.1.4b (3.1.4b)
))
(/usr/local/texlive/2019/texmf-dist/tex/latex/pgf/utilities/pgffor.sty
(/usr/local/texlive/2019/texmf-dist/tex/latex/pgf/utilities/pgfkeys.sty
(/usr/local/texlive/2019/texmf-dist/tex/generic/pgf/utilities/pgfkeys.code.tex)
) (/usr/local/texlive/2019/texmf-dist/tex/latex/pgf/math/pgfmath.sty
(/usr/local/texlive/2019/texmf-dist/tex/generic/pgf/math/pgfmath.code.tex))
(/usr/local/texlive/2019/texmf-dist/tex/generic/pgf/utilities/pgffor.code.tex
Package: pgffor 2019/08/03 v3.1.4b (3.1.4b)

(/usr/local/texlive/2019/texmf-dist/tex/generic/pgf/math/pgfmath.code.tex)
\pgffor@iter=\dimen261
\pgffor@skip=\dimen262
\pgffor@stack=\toks43
\pgffor@toks=\toks44
))
(/usr/local/texlive/2019/texmf-dist/tex/generic/pgf/frontendlayer/tikz/tikz.cod
e.tex
Package: tikz 2019/08/03 v3.1.4b (3.1.4b)

(/usr/local/texlive/2019/texmf-dist/tex/generic/pgf/libraries/pgflibraryplothan
dlers.code.tex
File: pgflibraryplothandlers.code.tex 2019/08/03 v3.1.4b (3.1.4b)
\pgf@plot@mark@count=\count159
\pgfplotmarksize=\dimen263
)
\tikz@lastx=\dimen264
\tikz@lasty=\dimen265
\tikz@lastxsaved=\dimen266
\tikz@lastysaved=\dimen267
\tikz@lastmovetox=\dimen268
\tikz@lastmovetoy=\dimen269
\tikzleveldistance=\dimen270
\tikzsiblingdistance=\dimen271
\tikz@figbox=\box57
\tikz@figbox@bg=\box58
\tikz@tempbox=\box59
\tikz@tempbox@bg=\box60
\tikztreelevel=\count160
\tikznumberofchildren=\count161
\tikznumberofcurrentchild=\count162
\tikz@fig@count=\count163

(/usr/local/texlive/2019/texmf-dist/tex/generic/pgf/modules/pgfmodulematrix.cod
e.tex
File: pgfmodulematrix.code.tex 2019/08/03 v3.1.4b (3.1.4b)
\pgfmatrixcurrentrow=\count164
\pgfmatrixcurrentcolumn=\count165
\pgf@matrix@numberofcolumns=\count166
)
\tikz@expandcount=\count167

(/usr/local/texlive/2019/texmf-dist/tex/generic/pgf/frontendlayer/tikz/librarie
s/tikzlibrarytopaths.code.tex
File: tikzlibrarytopaths.code.tex 2019/08/03 v3.1.4b (3.1.4b)
)))
(/usr/local/texlive/2019/texmf-dist/tex/generic/pgf/frontendlayer/tikz/librarie
s/tikzlibrarycalc.code.tex
File: tikzlibrarycalc.code.tex 2019/08/03 v3.1.4b (3.1.4b)
)
\@indexfile=\write5
\openout5 = `LinkageSpec.idx'.


Writing index file LinkageSpec.idx
(./LinkageSpec.aux)
\openout1 = `LinkageSpec.aux'.

LaTeX Font Info:    Checking defaults for OML/cmm/m/it on input line 256.
LaTeX Font Info:    ... okay on input line 256.
LaTeX Font Info:    Checking defaults for T1/cmr/m/n on input line 256.
LaTeX Font Info:    ... okay on input line 256.
LaTeX Font Info:    Checking defaults for OT1/cmr/m/n on input line 256.
LaTeX Font Info:    ... okay on input line 256.
LaTeX Font Info:    Checking defaults for OMS/cmsy/m/n on input line 256.
LaTeX Font Info:    ... okay on input line 256.
LaTeX Font Info:    Checking defaults for OMX/cmex/m/n on input line 256.
LaTeX Font Info:    ... okay on input line 256.
LaTeX Font Info:    Checking defaults for U/cmr/m/n on input line 256.
LaTeX Font Info:    ... okay on input line 256.
LaTeX Font Info:    Checking defaults for TS1/cmr/m/n on input line 256.
LaTeX Font Info:    Try loading font information for TS1+cmr on input line 256.


(/usr/local/texlive/2019/texmf-dist/tex/latex/base/ts1cmr.fd
File: ts1cmr.fd 2014/09/29 v2.5h Standard LaTeX font definitions
)
LaTeX Font Info:    ... okay on input line 256.
LaTeX Font Info:    Checking defaults for PD1/pdf/m/n on input line 256.
LaTeX Font Info:    ... okay on input line 256.
LaTeX Font Info:    Checking defaults for PU/pdf/m/n on input line 256.
LaTeX Font Info:    ... okay on input line 256.
LaTeX Font Info:    Try loading font information for T1+phv on input line 256.

(/usr/local/texlive/2019/texmf-dist/tex/latex/psnfss/t1phv.fd
File: t1phv.fd 2001/06/04 scalable font definitions for T1/phv.
)
LaTeX Font Info:    Font shape `T1/phv/m/n' will be
(Font)              scaled to size 9.49997pt on input line 256.

(/usr/local/texlive/2019/texmf-dist/tex/context/base/mkii/supp-pdf.mkii
[Loading MPS to PDF converter (version 2006.09.02).]
\scratchcounter=\count168
\scratchdimen=\dimen272
\scratchbox=\box61
\nofMPsegments=\count169
\nofMParguments=\count170
\everyMPshowfont=\toks45
\MPscratchCnt=\count171
\MPscratchDim=\dimen273
\MPnumerator=\count172
\makeMPintoPDFobject=\count173
\everyMPtoPDFconversion=\toks46
) (/usr/local/texlive/2019/texmf-dist/tex/latex/oberdiek/epstopdf-base.sty
Package: epstopdf-base 2016/05/15 v2.6 Base part for package epstopdf

(/usr/local/texlive/2019/texmf-dist/tex/latex/oberdiek/grfext.sty
Package: grfext 2016/05/16 v1.2 Manage graphics extensions (HO)
)
Package epstopdf-base Info: Redefining graphics rule for `.eps' on input line 4
38.
Package grfext Info: Graphics extension search list:
(grfext)             [.pdf,.png,.jpg,.mps,.jpeg,.jbig2,.jb2,.PDF,.PNG,.JPG,.JPE
G,.JBIG2,.JB2,.eps]
(grfext)             \AppendGraphicsExtensions on input line 456.

(/usr/local/texlive/2019/texmf-dist/tex/latex/latexconfig/epstopdf-sys.cfg
File: epstopdf-sys.cfg 2010/07/13 v1.3 Configuration of (r)epstopdf for TeX Liv
e
))
\AtBeginShipoutBox=\box62
Package hyperref Info: Link coloring ON on input line 256.

(/usr/local/texlive/2019/texmf-dist/tex/latex/hyperref/nameref.sty
Package: nameref 2016/05/21 v2.44 Cross-referencing by name of section

(/usr/local/texlive/2019/texmf-dist/tex/generic/oberdiek/gettitlestring.sty
Package: gettitlestring 2016/05/16 v1.5 Cleanup title references (HO)
)
\c@section@level=\count174
)
LaTeX Info: Redefining \ref on input line 256.
LaTeX Info: Redefining \pageref on input line 256.
LaTeX Info: Redefining \nameref on input line 256.

(./LinkageSpec.out) (./LinkageSpec.out)
\@outlinefile=\write6
\openout6 = `LinkageSpec.out'.

\c@lstlisting=\count175

*geometry* driver: auto-detecting
*geometry* detected driver: pdftex
*geometry* verbose mode - [ preamble ] result:
* driver: pdftex
* paper: letterpaper
* layout: <same size as paper>
* layoutoffset:(h,v)=(0.0pt,0.0pt)
* hratio: 1:1
* vratio: 1:1
* modes: includehead includefoot twoside 
* h-part:(L,W,R)=(54.2025pt, 505.89pt, 54.2025pt)
* v-part:(T,H,B)=(54.2025pt, 686.56499pt, 54.2025pt)
* \paperwidth=614.295pt
* \paperheight=794.96999pt
* \textwidth=505.89pt
* \textheight=619.56499pt
* \oddsidemargin=-18.06749pt
* \evensidemargin=-18.06749pt
* \topmargin=-18.06749pt
* \headheight=12.0pt
* \headsep=25.0pt
* \topskip=10.0pt
* \footskip=30.0pt
* \marginparwidth=36.135pt
* \marginparsep=11.0pt
* \columnsep=10.0pt
* \skip\footins=9.0pt plus 4.0pt minus 2.0pt
* \hoffset=0.0pt
* \voffset=0.0pt
* \mag=1000
* \@twocolumnfalse
* \@twosidetrue
* \@mparswitchtrue
* \@reversemarginfalse
* (1in=72.27pt=25.4mm, 1cm=28.453pt)

LaTeX Font Info:    Font shape `T1/phv/m/n' will be
(Font)              scaled to size 11.39996pt on input line 256.
LaTeX Font Info:    Font shape `T1/phv/bx/n' in size <12> not available
(Font)              Font shape `T1/phv/b/n' tried instead on input line 256.
LaTeX Font Info:    Font shape `T1/phv/b/n' will be
(Font)              scaled to size 11.39996pt on input line 256.
Package tocstyle Info: prepare \l@part for redefinition on input line 256.
LaTeX Font Info:    Font shape `T1/phv/bx/n' in size <10> not available
(Font)              Font shape `T1/phv/b/n' tried instead on input line 256.
LaTeX Font Info:    Font shape `T1/phv/b/n' will be
(Font)              scaled to size 9.49997pt on input line 256.
Package tocstyle Info: prepare \l@chapter for redefinition on input line 256.
Package tocstyle Info: prepare \l@section for redefinition on input line 256.
LaTeX Font Info:    Try loading font information for OT1+phv on input line 256.

(/usr/local/texlive/2019/texmf-dist/tex/latex/psnfss/ot1phv.fd
File: ot1phv.fd 2001/06/04 scalable font definitions for OT1/phv.
)
LaTeX Font Info:    Font shape `OT1/phv/m/n' will be
(Font)              scaled to size 9.49997pt on input line 256.
<<ot1.cmap>>
LaTeX Font Info:    Font shape `OT1/phv/m/n' will be
(Font)              scaled to size 6.64998pt on input line 256.
LaTeX Font Info:    Font shape `OT1/phv/m/n' will be
(Font)              scaled to size 4.74998pt on input line 256.
LaTeX Font Info:    Try loading font information for U+msa on input line 256.

(/usr/local/texlive/2019/texmf-dist/tex/latex/amsfonts/umsa.fd
File: umsa.fd 2013/01/14 v3.01 AMS symbols A
)
LaTeX Font Info:    Try loading font information for U+msb on input line 256.

(/usr/local/texlive/2019/texmf-dist/tex/latex/amsfonts/umsb.fd
File: umsb.fd 2013/01/14 v3.01 AMS symbols B
)
LaTeX Font Info:    Font shape `OT1/phv/m/sl' will be
(Font)              scaled to size 9.49997pt on input line 256.
LaTeX Font Info:    Font shape `OT1/phv/m/sl' will be
(Font)              scaled to size 6.64998pt on input line 256.
LaTeX Font Info:    Font shape `OT1/phv/m/sl' will be
(Font)              scaled to size 4.74998pt on input line 256.
Package tocstyle Info: prepare \l@subsection for redefinition on input line 256
.
Package tocstyle Info: prepare \l@table for redefinition on input line 256.
Package tocstyle Info: prepare \l@figure for redefinition on input line 256.


Package tocstyle Warning: unexpected \@dottedtocline definition!
(tocstyle)                You are either using an unknown LaTeX kernel
(tocstyle)                version, an unknown class or package, that redefines
(tocstyle)                \@dottedtocline, or a \@dottedtocline redefinition
(tocstyle)                at the document preamble.
(tocstyle)                Because of this you may get unexpected results!
(tocstyle)                Maybe it would be better not to use package tocstyle.


Package tocstyle Info: Unexpected definition is:
(tocstyle)             macro:#1#2#3#4#5->\ifnum #1>\c@tocdepth \else \vskip \z@
 \@plus .2\p@ {\leftskip #2\relax \rightskip \@tocrmarg \parfillskip -\rightski
p \parindent #2\relax \@afterindenttrue \interlinepenalty \@M \leavevmode \@tem
pdima #3\relax \advance \leftskip \@tempdima \null \nobreak \hskip -\leftskip {
#4}\nobreak \leaders \hbox {$\m@th \mkern \@dotsep mu\hbox {.}\mkern \@dotsep m
u$}\hfill \nobreak \hb@xt@ \@pnumwidth {\hfil \normalfont \normalcolor #5\kern 
-\p@ \kern \p@ }\par }\fi  on input line 256.
(/usr/local/texlive/2019/texmf-dist/tex/latex/oberdiek/pdflscape.sty
Package: pdflscape 2016/05/14 v0.11 Display of landscape pages in PDF (HO)

(/usr/local/texlive/2019/texmf-dist/tex/latex/graphics/lscape.sty
Package: lscape 2000/10/22 v3.01 Landscape Pages (DPC)
)
Package pdflscape Info: Auto-detected driver: pdftex on input line 81.
)
ABD: EveryShipout initializing macros
Package hyperref Info: Option `pageanchor' set `false' on input line 259.
<lbl-icon.png, id=112, 132.495pt x 100.375pt>
LaTeX Font Info:    Try loading font information for T1+pcr on input line 259.

(/usr/local/texlive/2019/texmf-dist/tex/latex/psnfss/t1pcr.fd
File: t1pcr.fd 2001/06/04 font definitions for T1/pcr.
)
File: lbl-icon.png Graphic file (type png)
<use lbl-icon.png>
Package pdftex.def Info: lbl-icon.png  used on input line 259.
(pdftex.def)             Requested size: 132.49466pt x 100.37474pt.
LaTeX Font Info:    Font shape `T1/phv/bx/n' in size <24.88> not available
(Font)              Font shape `T1/phv/b/n' tried instead on input line 259.
LaTeX Font Info:    Font shape `T1/phv/b/n' will be
(Font)              scaled to size 23.63593pt on input line 259.
LaTeX Font Info:    Font shape `T1/phv/bx/it' in size <10> not available
(Font)              Font shape `T1/phv/b/it' tried instead on input line 259.
LaTeX Font Info:    Font shape `T1/phv/b/it' in size <10> not available
(Font)              Font shape `T1/phv/b/sl' tried instead on input line 259.
LaTeX Font Info:    Font shape `T1/phv/b/sl' will be
(Font)              scaled to size 9.49997pt on input line 259.
LaTeX Font Info:    Font shape `T1/phv/bx/it' in size <17.28> not available
(Font)              Font shape `T1/phv/b/it' tried instead on input line 259.
LaTeX Font Info:    Font shape `T1/phv/b/it' in size <17.28> not available
(Font)              Font shape `T1/phv/b/sl' tried instead on input line 259.
LaTeX Font Info:    Font shape `T1/phv/b/sl' will be
(Font)              scaled to size 16.41594pt on input line 259.
LaTeX Font Info:    Font shape `T1/phv/bx/n' in size <17.28> not available
(Font)              Font shape `T1/phv/b/n' tried instead on input line 259.
LaTeX Font Info:    Font shape `T1/phv/b/n' will be
(Font)              scaled to size 16.41594pt on input line 259.
LaTeX Font Info:    Font shape `OT1/phv/m/n' will be
(Font)              scaled to size 16.41594pt on input line 259.
LaTeX Font Info:    Font shape `OT1/phv/m/n' will be
(Font)              scaled to size 11.39996pt on input line 259.
LaTeX Font Info:    Font shape `OT1/phv/m/sl' will be
(Font)              scaled to size 16.41594pt on input line 259.
LaTeX Font Info:    Font shape `OT1/phv/m/sl' will be
(Font)              scaled to size 11.39996pt on input line 259.
 [1

{/usr/local/texlive/2019/texmf-var/fonts/map/pdftex/updmap/pdftex.map} <./lbl-i
con.png>]
LaTeX Font Info:    Font shape `T1/phv/m/n' will be
(Font)              scaled to size 23.63593pt on input line 261.

(./LinkageSpec.toc
number indent by \l@... (toc, 0):  0.0pt
text indent by \l@... (toc, 0):  14.24995pt
number indent by parent (toc, 0):  0.0pt
text indent calculated (toc, 0): 10.0319pt
number indent calculated (toc, 0): 0.0pt
number indent by \l@... (toc, 1):  14.24995pt
text indent by \l@... (toc, 1):  21.84995pt
number indent by parent (toc, 1):  10.0319pt
text indent calculated (toc, 1): 23.23665pt
number indent calculated (toc, 1): 10.0319pt
number indent by \l@... (toc, 0):  0.0pt
text indent by \l@... (toc, 0):  14.24995pt
number indent by parent (toc, 0):  0.0pt
text indent calculated (toc, 0): 10.0319pt
number indent calculated (toc, 0): 0.0pt
number indent by \l@... (toc, 0):  0.0pt
text indent by \l@... (toc, 0):  14.24995pt
number indent by parent (toc, 0):  0.0pt
text indent calculated (toc, 0): 10.0319pt
number indent calculated (toc, 0): 0.0pt
number indent by \l@... (toc, 1):  14.24995pt
text indent by \l@... (toc, 1):  21.84995pt
number indent by parent (toc, 1):  10.0319pt
text indent calculated (toc, 1): 23.23665pt
number indent calculated (toc, 1): 10.0319pt
number indent by \l@... (toc, 2):  36.0999pt
text indent by \l@... (toc, 2):  30.39987pt
number indent by parent (toc, 2):  33.26855pt
text indent calculated (toc, 2): 25.87755pt
number indent calculated (toc, 2): 33.26855pt
number indent by \l@... (toc, 2):  36.0999pt
text indent by \l@... (toc, 2):  30.39987pt
number indent by parent (toc, 2):  33.26855pt
text indent calculated (toc, 2): 25.87755pt
number indent calculated (toc, 2): 33.26855pt
number indent by \l@... (toc, 2):  36.0999pt
text indent by \l@... (toc, 2):  30.39987pt
number indent by parent (toc, 2):  33.26855pt
text indent calculated (toc, 2): 25.87755pt
number indent calculated (toc, 2): 33.26855pt
number indent by \l@... (toc, 1):  14.24995pt
text indent by \l@... (toc, 1):  21.84995pt
number indent by parent (toc, 1):  10.0319pt
text indent calculated (toc, 1): 23.23665pt
number indent calculated (toc, 1): 10.0319pt
number indent by \l@... (toc, 1):  14.24995pt
text indent by \l@... (toc, 1):  21.84995pt
number indent by parent (toc, 1):  10.0319pt
text indent calculated (toc, 1): 23.23665pt
number indent calculated (toc, 1): 10.0319pt
number indent by \l@... (toc, 1):  14.24995pt
text indent by \l@... (toc, 1):  21.84995pt
number indent by parent (toc, 1):  10.0319pt
text indent calculated (toc, 1): 23.23665pt
number indent calculated (toc, 1): 10.0319pt
number indent by \l@... (toc, 2):  36.0999pt
text indent by \l@... (toc, 2):  30.39987pt
number indent by parent (toc, 2):  33.26855pt
text indent calculated (toc, 2): 25.87755pt
number indent calculated (toc, 2): 33.26855pt
number indent by \l@... (toc, 2):  36.0999pt
text indent by \l@... (toc, 2):  30.39987pt
number indent by parent (toc, 2):  33.26855pt
text indent calculated (toc, 2): 25.87755pt
number indent calculated (toc, 2): 33.26855pt
number indent by \l@... (toc, 2):  36.0999pt
text indent by \l@... (toc, 2):  30.39987pt
number indent by parent (toc, 2):  33.26855pt
text indent calculated (toc, 2): 25.87755pt
number indent calculated (toc, 2): 33.26855pt
number indent by \l@... (toc, 1):  14.24995pt
text indent by \l@... (toc, 1):  21.84995pt
number indent by parent (toc, 1):  10.0319pt
text indent calculated (toc, 1): 23.23665pt
number indent calculated (toc, 1): 10.0319pt
number indent by \l@... (toc, 1):  14.24995pt
text indent by \l@... (toc, 1):  21.84995pt
number indent by parent (toc, 1):  10.0319pt
text indent calculated (toc, 1): 23.23665pt
number indent calculated (toc, 1): 10.0319pt
number indent by \l@... (toc, 1):  14.24995pt
text indent by \l@... (toc, 1):  21.84995pt
number indent by parent (toc, 1):  10.0319pt
text indent calculated (toc, 1): 23.23665pt
number indent calculated (toc, 1): 10.0319pt
number indent by \l@... (toc, 1):  14.24995pt
text indent by \l@... (toc, 1):  21.84995pt
number indent by parent (toc, 1):  10.0319pt
text indent calculated (toc, 1): 23.23665pt
number indent calculated (toc, 1): 10.0319pt
number indent by \l@... (toc, 1):  14.24995pt
text indent by \l@... (toc, 1):  21.84995pt
number indent by parent (toc, 1):  10.0319pt
text indent calculated (toc, 1): 23.23665pt
number indent calculated (toc, 1): 10.0319pt
number indent by \l@... (toc, 1):  14.24995pt
text indent by \l@... (toc, 1):  21.84995pt
number indent by parent (toc, 1):  10.0319pt
text indent calculated (toc, 1): 23.23665pt
number indent calculated (toc, 1): 10.0319pt
number indent by \l@... (toc, 0):  0.0pt
text indent by \l@... (toc, 0):  14.24995pt
number indent by parent (toc, 0):  0.0pt
text indent calculated (toc, 0): 10.0319pt
number indent calculated (toc, 0): 0.0pt
number indent by \l@... (toc, 0):  0.0pt
text indent by \l@... (toc, 0):  14.24995pt
number indent by parent (toc, 0):  0.0pt
text indent calculated (toc, 0): 10.0319pt
number indent calculated (toc, 0): 0.0pt
number indent by \l@... (toc, 0):  0.0pt
text indent by \l@... (toc, 0):  14.24995pt
number indent by parent (toc, 0):  0.0pt
text indent calculated (toc, 0): 10.0319pt
number indent calculated (toc, 0): 0.0pt
number indent by \l@... (toc, 0):  0.0pt
text indent by \l@... (toc, 0):  14.24995pt
number indent by parent (toc, 0):  0.0pt
text indent calculated (toc, 0): 10.0319pt
number indent calculated (toc, 0): 0.0pt
number indent by \l@... (toc, 0):  0.0pt
text indent by \l@... (toc, 0):  14.24995pt
number indent by parent (toc, 0):  0.0pt
text indent calculated (toc, 0): 10.0319pt
number indent calculated (toc, 0): 0.0pt
number indent by \l@... (toc, 0):  0.0pt
text indent by \l@... (toc, 0):  14.24995pt
number indent by parent (toc, 0):  0.0pt
text indent calculated (toc, 0): 10.0319pt
number indent calculated (toc, 0): 0.0pt
)
\tf@toc=\write7
\openout7 = `LinkageSpec.toc'.

 [1



]
Chapter 1.
LaTeX Font Info:    Font shape `T1/phv/m/n' will be
(Font)              scaled to size 19.70294pt on input line 269.
LaTeX Font Info:    Font shape `T1/phv/bx/n' in size <20.74> not available
(Font)              Font shape `T1/phv/b/n' tried instead on input line 269.
LaTeX Font Info:    Font shape `T1/phv/b/n' will be
(Font)              scaled to size 19.70294pt on input line 269.
LaTeX Font Info:    Font shape `T1/phv/m/n' will be
(Font)              scaled to size 13.67995pt on input line 272.
LaTeX Font Info:    Font shape `T1/phv/bx/n' in size <14.4> not available
(Font)              Font shape `T1/phv/b/n' tried instead on input line 272.
LaTeX Font Info:    Font shape `T1/phv/b/n' will be
(Font)              scaled to size 13.67995pt on input line 272.
[1


]
Chapter 2.
[2

]
Chapter 3.
LaTeX Font Info:    Try loading font information for TS1+phv on input line 311.

(/usr/local/texlive/2019/texmf-dist/tex/latex/psnfss/ts1phv.fd
File: ts1phv.fd 2001/06/04 scalable font definitions for TS1/phv.
)
LaTeX Font Info:    Font shape `TS1/phv/m/n' will be
(Font)              scaled to size 9.49997pt on input line 311.
LaTeX Font Info:    Font shape `T1/phv/m/n' will be
(Font)              scaled to size 8.54997pt on input line 353.
LaTeX Font Info:    Font shape `T1/phv/m/it' in size <9> not available
(Font)              Font shape `T1/phv/m/sl' tried instead on input line 353.
LaTeX Font Info:    Font shape `T1/phv/m/sl' will be
(Font)              scaled to size 8.54997pt on input line 353.
 [3

]
LaTeX Font Info:    Font shape `T1/phv/m/it' in size <10> not available
(Font)              Font shape `T1/phv/m/sl' tried instead on input line 511.
LaTeX Font Info:    Font shape `T1/phv/m/sl' will be
(Font)              scaled to size 9.49997pt on input line 511.

Underfull \hbox (badness 10000) in paragraph at lines 557--558
[]|\T1/phv/m/n/10 Only the equip-ment draw-ing in V0. Con-trol
 []


Underfull \hbox (badness 10000) in paragraph at lines 557--558
\T1/phv/m/n/10 points and SOO de-scrip-tion in V1 see num-
 []

LaTeX Font Info:    Font shape `T1/phv/m/n' will be
(Font)              scaled to size 6.64998pt on input line 613.
LaTeX Font Info:    Font shape `T1/phv/m/n' will be
(Font)              scaled to size 7.59998pt on input line 613.
LaTeX Font Info:    Font shape `OT1/phv/m/n' will be
(Font)              scaled to size 7.59998pt on input line 613.
LaTeX Font Info:    Font shape `OT1/phv/m/n' will be
(Font)              scaled to size 5.69998pt on input line 613.
LaTeX Font Info:    Font shape `OT1/phv/m/sl' will be
(Font)              scaled to size 7.59998pt on input line 613.
LaTeX Font Info:    Font shape `OT1/phv/m/sl' will be
(Font)              scaled to size 5.69998pt on input line 613.
LaTeX Font Info:    Font shape `T1/phv/m/n' will be
(Font)              scaled to size 5.69998pt on input line 613.
[4] [5]
Underfull \hbox (badness 10000) in paragraph at lines 774--775
[]|\T1/phv/m/n/10 Gridified lay-out [][]$https : / / ialab . it . monash . edu 
/ webcola /
 []


Underfull \hbox (badness 10000) in paragraph at lines 776--778
[]\T1/phv/m/n/10 Orthogonal edge route lay-out [][]$https : / / www .
 []


Underfull \hbox (badness 10000) in paragraph at lines 776--778
\T1/phv/m/n/10 visual-[]paradigm . com / support / documents / vpuserguide /
 []

[6] [7] [8]
<screen_conf_0.pdf, id=240, 963.6pt x 542.025pt>
File: screen_conf_0.pdf Graphic file (type pdf)
<use screen_conf_0.pdf>
Package pdftex.def Info: screen_conf_0.pdf  used on input line 891.
(pdftex.def)             Requested size: 505.88287pt x 284.56738pt.
<screen_conf_1.pdf, id=241, 963.6pt x 542.025pt>
File: screen_conf_1.pdf Graphic file (type pdf)
<use screen_conf_1.pdf>
Package pdftex.def Info: screen_conf_1.pdf  used on input line 898.
(pdftex.def)             Requested size: 505.88287pt x 284.56738pt.
 [9 <./screen_conf_0.pdf>] [10 <./screen_conf_1.pdf>]
Underfull \hbox (badness 10000) in paragraph at lines 998--999
\T1/pcr/m/n/10 SpeedControlled_y(m_flow_nominal=(#air_supply.medium).rho_defaul
t / 3600 *
 []

[11]
<grid.png, id=329, 1996.45876pt x 983.675pt>
File: grid.png Graphic file (type png)
<use grid.png>
Package pdftex.def Info: grid.png  used on input line 1025.
(pdftex.def)             Requested size: 505.87636pt x 249.25029pt.
Package hyperref Info: bookmark level for unknown literalblock defaults to 0 on
 input line 1029.
LaTeX Font Info:    Font shape `T1/pcr/bx/n' in size <9> not available
(Font)              Font shape `T1/pcr/b/n' tried instead on input line 1031.
LaTeX Font Info:    Try loading font information for TS1+pcr on input line 1079
.
 (/usr/local/texlive/2019/texmf-dist/tex/latex/psnfss/ts1pcr.fd
File: ts1pcr.fd 2001/06/04 font definitions for TS1/pcr.
)
Overfull \vbox (1.81679pt too high) detected at line 1266
 []

[12 <./grid.png>]
Underfull \vbox (badness 10000) detected at line 1266
 []


Underfull \vbox (badness 10000) detected at line 1266
 []

[13]
Underfull \vbox (badness 10000) detected at line 1266
 []


Underfull \vbox (badness 10000) detected at line 1266
 []

[14]
Underfull \vbox (badness 10000) detected at line 1266
 []


Underfull \vbox (badness 10000) detected at line 1266
 []

[15]
Underfull \vbox (badness 10000) detected at line 1266
 []


Underfull \vbox (badness 10000) detected at line 1266
 []

[16] [17]
Underfull \hbox (badness 10000) in paragraph at lines 1304--1305
[]\T1/pcr/m/n/10 Buildings.Fluid.Actuators.Dampers.MixingBox\T1/phv/m/n/10 : \T
1/pcr/m/n/10 port_Out, port_Exh, port_Ret,
 []


Underfull \hbox (badness 6961) in paragraph at lines 1307--1308
[]\T1/pcr/m/n/10 Buildings.Fluid.Actuators.Valves.ThreeWayEqualPercentageLinear
\T1/phv/m/n/10 : \T1/pcr/m/n/10 port_1, port_2,
 []


Underfull \hbox (badness 10000) in paragraph at lines 1310--1311
[]\T1/pcr/m/n/10 Buildings.Fluid.HeatExchangers.PlateHeatExchangerEffectiveness
NTU\T1/phv/m/n/10 : \T1/pcr/m/n/10 port_a1,
 []


Underfull \hbox (badness 10000) in paragraph at lines 1343--1344
[]\T1/pcr/m/n/10 {"port_1": "hotwater_return_inlet", "port_2": "hotwater_return
_outlet",
 []


Underfull \hbox (badness 7256) in paragraph at lines 1343--1344
\T1/pcr/m/n/10 "port_3": "hotwater_supply_bypass_inlet"} \T1/phv/m/n/10 where \
T1/pcr/m/n/10 hotwater_supply_bypass \T1/phv/m/n/10 is a
 []

<linkage_connect_3wv.pdf, id=361, 584.1825pt x 132.495pt>
File: linkage_connect_3wv.pdf Graphic file (type pdf)
<use linkage_connect_3wv.pdf>
Package pdftex.def Info: linkage_connect_3wv.pdf  used on input line 1353.
(pdftex.def)             Requested size: 505.90814pt x 114.74pt.
LaTeX Font Info:    Font shape `T1/pcr/m/it' in size <9> not available
(Font)              Font shape `T1/pcr/m/sl' tried instead on input line 1354.

Underfull \hbox (badness 10000) in paragraph at lines 1358--1359
\T1/pcr/m/n/10 {connector_name1: air_supply_inlet, connector_name2: air_supply_
outlet, ...}, ...
 []

[18]
Underfull \hbox (badness 10000) in paragraph at lines 1374--1375
[]\T1/phv/m/n/10 That in-for-ma-tion is stored in \T1/pcr/m/n/10 __Linkage(Conn
ect(paths="{fluid_path1: {direction:
 []

[19 <./linkage_connect_3wv.pdf

pdfTeX warning: pdflatex (file ./linkage_connect_3wv.pdf): PDF inclusion: inval
id other resource which is no dict (key 'ProcSets', type <array>); ignored.
>]
<linkage_connect_multi.pdf, id=395, 578.16pt x 131.53139pt>
File: linkage_connect_multi.pdf Graphic file (type pdf)
<use linkage_connect_multi.pdf>
Package pdftex.def Info: linkage_connect_multi.pdf  used on input line 1446.
(pdftex.def)             Requested size: 505.88875pt x 115.09569pt.
<linkage_connect_dedicated.pdf, id=396, 424.4658pt x 149.59889pt>
File: linkage_connect_dedicated.pdf Graphic file (type pdf)
<use linkage_connect_dedicated.pdf>
Package pdftex.def Info: linkage_connect_dedicated.pdf  used on input line 1453
.
(pdftex.def)             Requested size: 424.46475pt x 149.59851pt.
<linkage_connect_duct.pdf, id=397, 379.4175pt x 247.8861pt>
File: linkage_connect_duct.pdf Graphic file (type pdf)
<use linkage_connect_duct.pdf>
Package pdftex.def Info: linkage_connect_duct.pdf  used on input line 1460.
(pdftex.def)             Requested size: 379.41656pt x 247.88547pt.
 [20 <./linkage_connect_multi.pdf

pdfTeX warning: pdflatex (file ./linkage_connect_multi.pdf): PDF inclusion: inv
alid other resource which is no dict (key 'ProcSets', type <array>); ignored.
>] [21 <./linkage_connect_dedicated.pdf

pdfTeX warning: pdflatex (file ./linkage_connect_dedicated.pdf): PDF inclusion:
 invalid other resource which is no dict (key 'ProcSets', type <array>); ignore
d.
> <./linkage_connect_duct.pdf

pdfTeX warning: pdflatex (file ./linkage_connect_duct.pdf): PDF inclusion: inva
lid other resource which is no dict (key 'ProcSets', type <array>); ignored.
>]
<BusTestExp.pdf, id=443, 2777.37625pt x 1151.30125pt>
File: BusTestExp.pdf Graphic file (type pdf)
<use BusTestExp.pdf>
Package pdftex.def Info: BusTestExp.pdf  used on input line 1523.
(pdftex.def)             Requested size: 252.94499pt x 104.84236pt.
 [22 <./BusTestExp.pdf>]
<BusTestControlledExp.pdf, id=461, 2556.55125pt x 1156.32pt>
File: BusTestControlledExp.pdf Graphic file (type pdf)
<use BusTestControlledExp.pdf>
Package pdftex.def Info: BusTestControlledExp.pdf  used on input line 1539.
(pdftex.def)             Requested size: 252.94499pt x 114.40369pt.
<BusTestControllerExp.pdf, id=463, 2712.1325pt x 1225.57875pt>
File: BusTestControllerExp.pdf Graphic file (type pdf)
<use BusTestControllerExp.pdf>
Package pdftex.def Info: BusTestControllerExp.pdf  used on input line 1582.
(pdftex.def)             Requested size: 252.94499pt x 114.2993pt.
 [23 <./BusTestControlledExp.pdf>]
<BusTestNonExp.pdf, id=478, 2771.35374pt x 1145.27875pt>
File: BusTestNonExp.pdf Graphic file (type pdf)
<use BusTestNonExp.pdf>
Package pdftex.def Info: BusTestNonExp.pdf  used on input line 1600.
(pdftex.def)             Requested size: 252.94499pt x 104.5211pt.
<BusTestControlledNonExp.pdf, id=479, 2853.66125pt x 1182.4175pt>
File: BusTestControlledNonExp.pdf Graphic file (type pdf)
<use BusTestControlledNonExp.pdf>
Package pdftex.def Info: BusTestControlledNonExp.pdf  used on input line 1616.
(pdftex.def)             Requested size: 252.94499pt x 104.80722pt.
 [24 <./BusTestControllerExp.pdf> <./BusTestNonExp.pdf

pdfTeX warning: pdflatex (file ./BusTestNonExp.pdf): PDF inclusion: multiple pd
fs with page group included in a single page
>]
<BusTestControllerNonExp.pdf, id=501, 2694.065pt x 1219.55624pt>
File: BusTestControllerNonExp.pdf Graphic file (type pdf)
<use BusTestControllerNonExp.pdf>
Package pdftex.def Info: BusTestControllerNonExp.pdf  used on input line 1643.
(pdftex.def)             Requested size: 252.94499pt x 114.5006pt.
 [25 <./BusTestControlledNonExp.pdf> <./BusTestControllerNonExp.pdf

pdfTeX warning: pdflatex (file ./BusTestControllerNonExp.pdf): PDF inclusion: m
ultiple pdfs with page group included in a single page
>] [26]
<annex_valid_bus.pdf, id=531, 1448.41125pt x 893.3375pt>
File: annex_valid_bus.pdf Graphic file (type pdf)
<use annex_valid_bus.pdf>
Package pdftex.def Info: annex_valid_bus.pdf  used on input line 1720.
(pdftex.def)             Requested size: 505.86859pt x 312.01851pt.
<dymola_bus.png, id=534, 1355.0625pt x 848.16875pt>
File: dymola_bus.png Graphic file (type png)
<use dymola_bus.png>
Package pdftex.def Info: dymola_bus.png  used on input line 1732.
(pdftex.def)             Requested size: 505.89345pt x 316.65181pt.
 [27 <./annex_valid_bus.pdf>] [28 <./dymola_bus.png>] [29]
Overfull \hbox (4.56003pt too wide) in paragraph at lines 1811--1812
[]|\T1/phv/m/n/10 Declared| 
 []


Overfull \hbox (14.20227pt too wide) in paragraph at lines 1815--1817
[]|\T1/phv/m/n/10 Description| 
 []


Underfull \hbox (badness 10000) in paragraph at lines 1838--1839
[]|\T1/pcr/m/n/10 comp2.var1 $\OMS/cmsy/m/n/10 !$ \T1/pcr/m/n/10 comp1.
 []

<bus_minimal.pdf, id=573, 2165.08875pt x 1100.11pt>
File: bus_minimal.pdf Graphic file (type pdf)
<use bus_minimal.pdf>
Package pdftex.def Info: bus_minimal.pdf  used on input line 1902.
(pdftex.def)             Requested size: 505.88872pt x 257.04869pt.
<subbus_outside.png, id=574, 510.90875pt x 112.42pt>
File: subbus_outside.png Graphic file (type png)
<use subbus_outside.png>
Package pdftex.def Info: subbus_outside.png  used on input line 1909.
(pdftex.def)             Requested size: 505.88698pt x 111.32014pt.
<bus_outside.png, id=575, 507.8975pt x 145.54375pt>
File: bus_outside.png Graphic file (type png)
<use bus_outside.png>
Package pdftex.def Info: bus_outside.png  used on input line 1916.
(pdftex.def)             Requested size: 505.90454pt x 144.97928pt.
<bus_inside.png, id=576, 505.89pt x 81.30376pt>
File: bus_inside.png Graphic file (type png)
<use bus_inside.png>
Package pdftex.def Info: bus_inside.png  used on input line 1923.
(pdftex.def)             Requested size: 505.88875pt x 81.30354pt.
<screen_schematics_modelica.pdf, id=577, 2165.08875pt x 1288.815pt>
File: screen_schematics_modelica.pdf Graphic file (type pdf)
<use screen_schematics_modelica.pdf>
Package pdftex.def Info: screen_schematics_modelica.pdf  used on input line 193
3.
(pdftex.def)             Requested size: 505.88872pt x 301.14099pt.
<screen_schematics_output.pdf, id=578, 963.6pt x 542.025pt>
File: screen_schematics_output.pdf Graphic file (type pdf)
<use screen_schematics_output.pdf>
Package pdftex.def Info: screen_schematics_output.pdf  used on input line 1940.

(pdftex.def)             Requested size: 505.88287pt x 284.56738pt.
[30] [31 <./bus_minimal.pdf> <./subbus_outside.png>] [32 <./bus_outside.png> <.
/bus_inside.png>] [33 <./screen_schematics_modelica.pdf>] [34 <./screen_schemat
ics_output.pdf>]
Chapter 4.
[35

]
Chapter 5.
[36

]
Chapter 6.
[37

]
Chapter 7.
[38

] (./LinkageSpec.ind [39

] [40



])
Package atveryend Info: Empty hook `BeforeClearDocument' on input line 2035.
Package atveryend Info: Empty hook `AfterLastShipout' on input line 2035.
 (./LinkageSpec.aux)
Package atveryend Info: Executing hook `AtVeryEndDocument' on input line 2035.
Package atveryend Info: Executing hook `AtEndAfterFileList' on input line 2035.

Package rerunfilecheck Info: File `LinkageSpec.out' has not changed.
(rerunfilecheck)             Checksum: 03216880A2308F79DADCAA10C87DDAA0;3691.
Package atveryend Info: Empty hook `AtVeryVeryEnd' on input line 2035.
 ) 
Here is how much of TeX's memory you used:
 26564 strings out of 494053
 455303 string characters out of 6163845
 1060600 words of memory out of 5000000
 29550 multiletter control sequences out of 15000+600000
 72922 words of font info for 107 fonts, out of 8000000 for 9000
 320 hyphenation exceptions out of 8191
 55i,13n,48p,1673b,667s stack positions out of 5000i,500n,10000p,200000b,80000s
{/usr/local/texlive/2019/texmf-dist/fonts/enc/dvips/base/8r.enc}</usr/local/t
exlive/2019/texmf-dist/fonts/type1/public/amsfonts/cm/cmmi5.pfb></usr/local/tex
live/2019/texmf-dist/fonts/type1/public/amsfonts/cm/cmsy10.pfb></usr/local/texl
ive/2019/texmf-dist/fonts/type1/public/amsfonts/cm/cmsy5.pfb></usr/local/texliv
e/2019/texmf-dist/fonts/type1/urw/courier/ucrb8a.pfb></usr/local/texlive/2019/t
exmf-dist/fonts/type1/urw/courier/ucrr8a.pfb></usr/local/texlive/2019/texmf-dis
t/fonts/type1/urw/courier/ucrro8a.pfb></usr/local/texlive/2019/texmf-dist/fonts
/type1/urw/helvetic/uhvb8a.pfb></usr/local/texlive/2019/texmf-dist/fonts/type1/
urw/helvetic/uhvr8a.pfb></usr/local/texlive/2019/texmf-dist/fonts/type1/urw/hel
vetic/uhvro8a.pfb>
Output written on LinkageSpec.pdf (42 pages, 2148236 bytes).
PDF statistics:
 731 PDF objects out of 1000 (max. 8388607)
 585 compressed objects within 6 object streams
 117 named destinations out of 1000 (max. 500000)
 339 words of extra memory for PDF output out of 10000 (max. 10000000)

