\BOOKMARK [0][-]{chapter.1}{\376\377\000P\000r\000e\000a\000m\000b\000l\000e}{}% 1
\BOOKMARK [1][-]{section.1.1}{\376\377\000P\000u\000r\000p\000o\000s\000e\000\040\000o\000f\000\040\000t\000h\000e\000\040\000D\000o\000c\000u\000m\000e\000n\000t}{chapter.1}% 2
\BOOKMARK [0][-]{chapter.2}{\376\377\000C\000o\000n\000v\000e\000n\000t\000i\000o\000n\000s}{}% 3
\BOOKMARK [0][-]{chapter.3}{\376\377\000P\000r\000o\000c\000e\000s\000s\000\040\000W\000o\000r\000k\000f\000l\000o\000w}{}% 4
\BOOKMARK [0][-]{chapter.4}{\376\377\000R\000e\000q\000u\000i\000r\000e\000m\000e\000n\000t\000s}{}% 5
\BOOKMARK [1][-]{section.4.1}{\376\377\000G\000e\000n\000e\000r\000a\000l\000\040\000d\000e\000s\000c\000r\000i\000p\000t\000i\000o\000n}{chapter.4}% 6
\BOOKMARK [2][-]{subsection.4.1.1}{\376\377\000S\000o\000f\000t\000w\000a\000r\000e\000\040\000C\000o\000m\000p\000a\000t\000i\000b\000i\000l\000i\000t\000y}{section.4.1}% 7
\BOOKMARK [1][-]{section.4.2}{\376\377\000M\000o\000d\000e\000l\000i\000c\000a\000\040\000G\000r\000a\000p\000h\000i\000c\000a\000l\000\040\000U\000s\000e\000r\000\040\000I\000n\000t\000e\000r\000f\000a\000c\000e}{chapter.4}% 8
\BOOKMARK [2][-]{subsection.4.2.1}{\376\377\000S\000t\000r\000u\000c\000t\000u\000r\000e}{section.4.2}% 9
\BOOKMARK [2][-]{subsection.4.2.2}{\376\377\000F\000u\000n\000c\000t\000i\000o\000n\000a\000l\000i\000t\000i\000e\000s}{section.4.2}% 10
\BOOKMARK [2][-]{subsection.4.2.3}{\376\377\000G\000e\000n\000e\000r\000a\000t\000i\000n\000g\000\040\000C\000o\000n\000n\000e\000c\000t\000i\000o\000n\000s}{section.4.2}% 11
\BOOKMARK [1][-]{section.4.3}{\376\377\000C\000o\000n\000f\000i\000g\000u\000r\000a\000t\000i\000o\000n\000\040\000W\000i\000d\000g\000e\000t}{chapter.4}% 12
\BOOKMARK [2][-]{subsection.4.3.1}{\376\377\000F\000u\000n\000c\000t\000i\000o\000n\000a\000l\000i\000t\000i\000e\000s}{section.4.3}% 13
\BOOKMARK [2][-]{subsection.4.3.2}{\376\377\000F\000l\000u\000i\000d\000\040\000C\000o\000n\000n\000e\000c\000t\000o\000r\000s}{section.4.3}% 14
\BOOKMARK [2][-]{subsection.4.3.3}{\376\377\000S\000i\000g\000n\000a\000l\000\040\000C\000o\000n\000n\000e\000c\000t\000o\000r\000s}{section.4.3}% 15
\BOOKMARK [0][-]{chapter.5}{\376\377\000I\000s\000s\000u\000e\000s}{}% 16
\BOOKMARK [0][-]{chapter.6}{\376\377\000Q\000u\000e\000s\000t\000i\000o\000n\000s}{}% 17
\BOOKMARK [0][-]{chapter.7}{\376\377\000S\000o\000f\000t\000w\000a\000r\000e\000\040\000A\000r\000c\000h\000i\000t\000e\000c\000t\000u\000r\000e}{}% 18
\BOOKMARK [0][-]{chapter.8}{\376\377\000G\000l\000o\000s\000s\000a\000r\000y}{}% 19
\BOOKMARK [0][-]{chapter.9}{\376\377\000A\000c\000k\000n\000o\000w\000l\000e\000d\000g\000m\000e\000n\000t\000s}{}% 20
\BOOKMARK [0][-]{chapter.10}{\376\377\000R\000e\000f\000e\000r\000e\000n\000c\000e\000s}{}% 21
\BOOKMARK [0][-]{chapter.10}{\376\377\000B\000i\000b\000l\000i\000o\000g\000r\000a\000p\000h\000y}{}% 22
\BOOKMARK [0][-]{section*.6}{\376\377\000I\000n\000d\000e\000x}{}% 23
