\BOOKMARK [0][-]{chapter.1}{\376\377\000P\000r\000e\000a\000m\000b\000l\000e}{}% 1
\BOOKMARK [1][-]{section.1.1}{\376\377\000P\000u\000r\000p\000o\000s\000e\000\040\000o\000f\000\040\000t\000h\000e\000\040\000D\000o\000c\000u\000m\000e\000n\000t}{chapter.1}% 2
\BOOKMARK [0][-]{chapter.2}{\376\377\000C\000o\000n\000v\000e\000n\000t\000i\000o\000n\000s}{}% 3
\BOOKMARK [0][-]{chapter.3}{\376\377\000P\000r\000o\000c\000e\000s\000s\000\040\000W\000o\000r\000k\000f\000l\000o\000w}{}% 4
\BOOKMARK [0][-]{chapter.4}{\376\377\000U\000s\000e\000\040\000C\000a\000s\000e\000s}{}% 5
\BOOKMARK [1][-]{section.4.1}{\376\377\000C\000o\000n\000t\000r\000o\000l\000s\000\040\000D\000e\000s\000i\000g\000n}{chapter.4}% 6
\BOOKMARK [2][-]{subsection.4.1.1}{\376\377\000L\000o\000a\000d\000i\000n\000g\000\040\000a\000\040\000s\000t\000a\000n\000d\000a\000r\000d\000\040\000s\000e\000q\000u\000e\000n\000c\000e\000\040\000f\000r\000o\000m\000\040\000a\000\040\000l\000i\000b\000r\000a\000r\000y}{section.4.1}% 7
\BOOKMARK [2][-]{subsection.4.1.2}{\376\377\000C\000u\000s\000t\000o\000m\000i\000z\000i\000n\000g\000\040\000a\000\040\000c\000o\000n\000t\000r\000o\000l\000\040\000s\000e\000q\000u\000e\000n\000c\000e\000\040\000f\000o\000r\000\040\000a\000n\000\040\000H\000V\000A\000C\000\040\000s\000y\000s\000t\000e\000m}{section.4.1}% 8
\BOOKMARK [2][-]{subsection.4.1.3}{\376\377\000C\000u\000s\000t\000o\000m\000i\000z\000i\000n\000g\000\040\000a\000n\000d\000\040\000c\000o\000n\000f\000i\000g\000u\000r\000i\000n\000g\000\040\000a\000\040\000c\000o\000n\000t\000r\000o\000l\000\040\000s\000e\000q\000u\000e\000n\000c\000e\000\040\000f\000o\000r\000\040\000a\000\040\000s\000i\000n\000g\000l\000e\000-\000z\000o\000n\000e\000\040\000V\000A\000V\000\040\000s\000y\000s\000t\000e\000m}{section.4.1}% 9
\BOOKMARK [2][-]{subsection.4.1.4}{\376\377\000C\000u\000s\000t\000o\000m\000i\000z\000i\000n\000g\000\040\000a\000n\000d\000\040\000c\000o\000n\000f\000i\000g\000u\000r\000i\000n\000g\000\040\000a\000\040\000c\000o\000n\000t\000r\000o\000l\000\040\000s\000e\000q\000u\000e\000n\000c\000e\000\040\000f\000o\000r\000\040\000a\000\040\000m\000u\000l\000t\000i\000z\000o\000n\000e\000\040\000V\000A\000V\000\040\000s\000y\000s\000t\000e\000m}{section.4.1}% 10
\BOOKMARK [2][-]{subsection.4.1.5}{\376\377\000P\000e\000r\000f\000o\000r\000m\000a\000n\000c\000e\000\040\000a\000s\000s\000e\000s\000s\000m\000e\000n\000t\000\040\000o\000f\000\040\000a\000\040\000c\000o\000n\000t\000r\000o\000l\000\040\000s\000e\000q\000u\000e\000n\000c\000e}{section.4.1}% 11
\BOOKMARK [2][-]{subsection.4.1.6}{\376\377\000D\000e\000f\000i\000n\000i\000n\000g\000\040\000i\000n\000t\000e\000g\000r\000a\000t\000i\000o\000n\000\040\000w\000i\000t\000h\000\040\000n\000o\000n\000-\000H\000V\000A\000C\000\040\000s\000y\000s\000t\000e\000m\000s\000\040\000s\000u\000c\000h\000\040\000a\000s\000\040\000l\000i\000g\000h\000t\000i\000n\000g\000,\000\040\000f\000a\000\347\000a\000d\000e\000\040\000a\000n\000d\000\040\000p\000r\000e\000s\000e\000n\000c\000e\000\040\000d\000e\000t\000e\000c\000t\000i\000o\000n}{section.4.1}% 12
\BOOKMARK [1][-]{section.4.2}{\376\377\000B\000i\000d\000d\000i\000n\000g\000\040\000a\000n\000d\000\040\000B\000A\000S\000\040\000I\000m\000p\000l\000e\000m\000e\000n\000t\000a\000t\000i\000o\000n}{chapter.4}% 13
\BOOKMARK [2][-]{subsection.4.2.1}{\376\377\000G\000e\000n\000e\000r\000a\000t\000e\000\040\000c\000o\000n\000t\000r\000o\000l\000\040\000p\000o\000i\000n\000t\000\040\000s\000c\000h\000e\000d\000u\000l\000e\000\040\000f\000r\000o\000m\000\040\000s\000e\000q\000u\000e\000n\000c\000e\000s}{section.4.2}% 14
\BOOKMARK [1][-]{section.4.3}{\376\377\000C\000o\000m\000m\000i\000s\000s\000i\000o\000n\000i\000n\000g\000,\000\040\000O\000p\000e\000r\000a\000t\000i\000o\000n\000,\000\040\000a\000n\000d\000\040\000M\000a\000i\000n\000t\000e\000n\000a\000n\000c\000e}{chapter.4}% 15
\BOOKMARK [2][-]{subsection.4.3.1}{\376\377\000C\000o\000n\000d\000u\000c\000t\000i\000n\000g\000\040\000v\000e\000r\000i\000f\000i\000c\000a\000t\000i\000o\000n\000\040\000t\000e\000s\000t\000\040\000o\000f\000\040\000a\000\040\000V\000A\000V\000\040\000C\000o\000o\000l\000i\000n\000g\000-\000O\000n\000l\000y\000\040\000T\000e\000r\000m\000i\000n\000a\000l\000\040\000U\000n\000i\000t}{section.4.3}% 16
\BOOKMARK [2][-]{subsection.4.3.2}{\376\377\000A\000s\000-\000B\000u\000i\000l\000t\000\040\000S\000e\000q\000u\000e\000n\000c\000e\000\040\000G\000e\000n\000e\000r\000a\000t\000o\000r}{section.4.3}% 17
\BOOKMARK [0][-]{chapter.5}{\376\377\000R\000e\000q\000u\000i\000r\000e\000m\000e\000n\000t\000s}{}% 18
\BOOKMARK [1][-]{section.5.1}{\376\377\000C\000o\000n\000t\000r\000o\000l\000s\000\040\000D\000e\000s\000i\000g\000n\000\040\000T\000o\000o\000l}{chapter.5}% 19
\BOOKMARK [1][-]{section.5.2}{\376\377\000C\000D\000L}{chapter.5}% 20
\BOOKMARK [1][-]{section.5.3}{\376\377\000C\000o\000m\000m\000i\000s\000s\000i\000o\000n\000i\000n\000g\000\040\000a\000n\000d\000\040\000F\000u\000n\000c\000t\000i\000o\000n\000a\000l\000\040\000V\000e\000r\000i\000f\000i\000c\000a\000t\000i\000o\000n\000\040\000T\000o\000o\000l}{chapter.5}% 21
\BOOKMARK [0][-]{chapter.6}{\376\377\000S\000o\000f\000t\000w\000a\000r\000e\000\040\000A\000r\000c\000h\000i\000t\000e\000c\000t\000u\000r\000e}{}% 22
\BOOKMARK [1][-]{section.6.1}{\376\377\000C\000o\000n\000t\000r\000o\000l\000s\000\040\000D\000e\000s\000i\000g\000n\000\040\000T\000o\000o\000l}{chapter.6}% 23
\BOOKMARK [1][-]{section.6.2}{\376\377\000F\000u\000n\000c\000t\000i\000o\000n\000a\000l\000\040\000V\000e\000r\000i\000f\000i\000c\000a\000t\000i\000o\000n\000\040\000T\000o\000o\000l}{chapter.6}% 24
\BOOKMARK [0][-]{chapter.7}{\376\377\000C\000o\000n\000t\000r\000o\000l\000\040\000D\000e\000s\000c\000r\000i\000p\000t\000i\000o\000n\000\040\000L\000a\000n\000g\000u\000a\000g\000e}{}% 25
\BOOKMARK [1][-]{section.7.1}{\376\377\000S\000y\000n\000t\000a\000x}{chapter.7}% 26
\BOOKMARK [1][-]{section.7.2}{\376\377\000P\000e\000r\000m\000i\000s\000s\000i\000b\000l\000e\000\040\000D\000a\000t\000a\000\040\000T\000y\000p\000e\000s}{chapter.7}% 27
\BOOKMARK [1][-]{section.7.3}{\376\377\000E\000n\000c\000a\000p\000s\000u\000l\000a\000t\000i\000o\000n\000\040\000o\000f\000\040\000F\000u\000n\000c\000t\000i\000o\000n\000a\000l\000i\000t\000y}{chapter.7}% 28
\BOOKMARK [1][-]{section.7.4}{\376\377\000E\000l\000e\000m\000e\000n\000t\000a\000r\000y\000\040\000B\000u\000i\000l\000d\000i\000n\000g\000\040\000B\000l\000o\000c\000k\000s}{chapter.7}% 29
\BOOKMARK [1][-]{section.7.5}{\376\377\000I\000n\000s\000t\000a\000n\000t\000i\000a\000t\000i\000o\000n}{chapter.7}% 30
\BOOKMARK [1][-]{section.7.6}{\376\377\000C\000o\000n\000n\000e\000c\000t\000o\000r\000s}{chapter.7}% 31
\BOOKMARK [1][-]{section.7.7}{\376\377\000E\000q\000u\000a\000t\000i\000o\000n\000s}{chapter.7}% 32
\BOOKMARK [1][-]{section.7.8}{\376\377\000C\000o\000n\000n\000e\000c\000t\000i\000o\000n\000s}{chapter.7}% 33
\BOOKMARK [1][-]{section.7.9}{\376\377\000A\000n\000n\000o\000t\000a\000t\000i\000o\000n\000s}{chapter.7}% 34
\BOOKMARK [1][-]{section.7.10}{\376\377\000C\000o\000m\000p\000o\000s\000i\000t\000e\000\040\000B\000l\000o\000c\000k\000s}{chapter.7}% 35
\BOOKMARK [1][-]{section.7.11}{\376\377\000M\000o\000d\000e\000l\000\040\000o\000f\000\040\000C\000o\000m\000p\000u\000t\000a\000t\000i\000o\000n}{chapter.7}% 36
\BOOKMARK [1][-]{section.7.12}{\376\377\000T\000a\000g\000s}{chapter.7}% 37
\BOOKMARK [2][-]{subsection.7.12.1}{\376\377\000I\000n\000f\000e\000r\000r\000e\000d\000\040\000P\000r\000o\000p\000e\000r\000t\000i\000e\000s}{section.7.12}% 38
\BOOKMARK [2][-]{subsection.7.12.2}{\376\377\000T\000a\000g\000g\000e\000d\000\040\000P\000r\000o\000p\000e\000r\000t\000i\000e\000s}{section.7.12}% 39
\BOOKMARK [0][-]{chapter.8}{\376\377\000C\000o\000d\000e\000\040\000G\000e\000n\000e\000r\000a\000t\000i\000o\000n}{}% 40
\BOOKMARK [1][-]{section.8.1}{\376\377\000C\000h\000a\000l\000l\000e\000n\000g\000e\000s\000\040\000a\000n\000d\000\040\000I\000m\000p\000l\000i\000c\000a\000t\000i\000o\000n\000s\000\040\000f\000o\000r\000\040\000T\000r\000a\000n\000s\000l\000a\000t\000i\000o\000n\000\040\000o\000f\000\040\000C\000o\000n\000t\000r\000o\000l\000\040\000S\000e\000q\000u\000e\000n\000c\000e\000s}{chapter.8}% 41
\BOOKMARK [1][-]{section.8.2}{\376\377\000U\000s\000e\000\040\000o\000f\000\040\000C\000o\000n\000t\000r\000o\000l\000\040\000S\000e\000q\000u\000e\000n\000c\000e\000s\000\040\000o\000r\000\040\000V\000e\000r\000i\000f\000i\000c\000a\000t\000i\000o\000n\000\040\000T\000e\000s\000t\000s\000\040\000i\000n\000\040\000R\000e\000a\000l\000t\000i\000m\000e\000\040\000A\000p\000p\000l\000i\000c\000a\000t\000i\000o\000n\000s}{chapter.8}% 42
\BOOKMARK [2][-]{subsection.8.2.1}{\376\377\000E\000x\000p\000o\000r\000t\000\040\000o\000f\000\040\000a\000\040\000C\000o\000n\000t\000r\000o\000l\000\040\000S\000e\000q\000u\000e\000n\000c\000e\000\040\000o\000r\000\040\000a\000\040\000V\000e\000r\000i\000f\000i\000c\000a\000t\000i\000o\000n\000\040\000T\000e\000s\000t\000\040\000u\000s\000i\000n\000g\000\040\000t\000h\000e\000\040\000F\000M\000I\000\040\000S\000t\000a\000n\000d\000a\000r\000d}{section.8.2}% 43
\BOOKMARK [2][-]{subsection.8.2.2}{\376\377\000T\000r\000a\000n\000s\000l\000a\000t\000i\000o\000n\000\040\000o\000f\000\040\000a\000\040\000C\000o\000n\000t\000r\000o\000l\000\040\000S\000e\000q\000u\000e\000n\000c\000e\000\040\000u\000s\000i\000n\000g\000\040\000a\000\040\000J\000S\000O\000N\000\040\000I\000n\000t\000e\000r\000m\000e\000d\000i\000a\000t\000e\000\040\000F\000o\000r\000m\000a\000t}{section.8.2}% 44
\BOOKMARK [2][-]{subsection.8.2.3}{\376\377\000M\000o\000d\000u\000l\000a\000r\000\040\000E\000x\000p\000o\000r\000t\000\040\000o\000f\000\040\000a\000\040\000C\000o\000n\000t\000r\000o\000l\000\040\000S\000e\000q\000u\000e\000n\000c\000e\000\040\000u\000s\000i\000n\000g\000\040\000t\000h\000e\000\040\000F\000M\000I\000\040\000S\000t\000a\000n\000d\000a\000r\000d\000\040\000f\000o\000r\000\040\000C\000o\000n\000t\000r\000o\000l\000\040\000B\000l\000o\000c\000k\000s\000\040\000a\000n\000d\000\040\000u\000s\000i\000n\000g\000\040\000t\000h\000e\000\040\000S\000S\000P\000\040\000S\000t\000a\000n\000d\000a\000r\000d\000\040\000f\000o\000r\000\040\000t\000h\000e\000\040\000R\000u\000n\000-\000t\000i\000m\000e\000\040\000E\000n\000v\000i\000r\000o\000n\000m\000e\000n\000t}{section.8.2}% 45
\BOOKMARK [1][-]{section.8.3}{\376\377\000R\000e\000p\000l\000a\000c\000e\000m\000e\000n\000t\000\040\000o\000f\000\040\000E\000l\000e\000m\000e\000n\000t\000a\000r\000y\000\040\000C\000D\000L\000\040\000B\000l\000o\000c\000k\000s\000\040\000d\000u\000r\000i\000n\000g\000\040\000T\000r\000a\000n\000s\000l\000a\000t\000i\000o\000n}{chapter.8}% 46
\BOOKMARK [2][-]{subsection.8.3.1}{\376\377\000S\000u\000b\000s\000t\000i\000t\000u\000t\000i\000o\000n\000s\000\040\000t\000h\000a\000t\000\040\000G\000i\000v\000e\000\040\000I\000d\000e\000n\000t\000i\000c\000a\000l\000\040\000C\000o\000n\000t\000r\000o\000l\000\040\000R\000e\000s\000p\000o\000n\000s\000e}{section.8.3}% 47
\BOOKMARK [2][-]{subsection.8.3.2}{\376\377\000S\000u\000b\000s\000t\000i\000t\000u\000t\000i\000o\000n\000s\000\040\000t\000h\000a\000t\000\040\000C\000h\000a\000n\000g\000e\000\040\000t\000h\000e\000\040\000C\000o\000n\000t\000r\000o\000l\000\040\000R\000e\000s\000p\000o\000n\000s\000e}{section.8.3}% 48
\BOOKMARK [2][-]{subsection.8.3.3}{\376\377\000A\000d\000d\000i\000n\000g\000\040\000B\000l\000o\000c\000k\000s\000\040\000t\000h\000a\000t\000\040\000a\000r\000e\000\040\000n\000o\000t\000\040\000i\000n\000\040\000t\000h\000e\000\040\000C\000D\000L\000\040\000L\000i\000b\000r\000a\000r\000y}{section.8.3}% 49
\BOOKMARK [0][-]{chapter.9}{\376\377\000V\000e\000r\000i\000f\000i\000c\000a\000t\000i\000o\000n}{}% 50
\BOOKMARK [1][-]{section.9.1}{\376\377\000S\000c\000o\000p\000e\000\040\000o\000f\000\040\000t\000h\000e\000\040\000v\000e\000r\000i\000f\000i\000c\000a\000t\000i\000o\000n}{chapter.9}% 51
\BOOKMARK [1][-]{section.9.2}{\376\377\000M\000e\000t\000h\000o\000d\000o\000l\000o\000g\000y}{chapter.9}% 52
\BOOKMARK [1][-]{section.9.3}{\376\377\000M\000o\000d\000u\000l\000e\000s\000\040\000o\000f\000\040\000t\000h\000e\000\040\000v\000e\000r\000i\000f\000i\000c\000a\000t\000i\000o\000n\000\040\000t\000e\000s\000t}{chapter.9}% 53
\BOOKMARK [2][-]{subsection.9.3.1}{\376\377\000C\000S\000V\000\040\000f\000i\000l\000e\000\040\000r\000e\000a\000d\000e\000r}{section.9.3}% 54
\BOOKMARK [2][-]{subsection.9.3.2}{\376\377\000U\000n\000i\000t\000\040\000c\000o\000n\000v\000e\000r\000s\000i\000o\000n}{section.9.3}% 55
\BOOKMARK [2][-]{subsection.9.3.3}{\376\377\000C\000o\000m\000p\000a\000r\000i\000s\000o\000n\000\040\000o\000f\000\040\000t\000i\000m\000e\000\040\000s\000e\000r\000i\000e\000s\000\040\000d\000a\000t\000a}{section.9.3}% 56
\BOOKMARK [2][-]{subsection.9.3.4}{\376\377\000V\000e\000r\000i\000f\000i\000c\000a\000t\000i\000o\000n\000\040\000o\000f\000\040\000s\000e\000q\000u\000e\000n\000c\000e\000\040\000d\000i\000a\000g\000r\000a\000m\000s}{section.9.3}% 57
\BOOKMARK [1][-]{section.9.4}{\376\377\000E\000x\000a\000m\000p\000l\000e}{chapter.9}% 58
\BOOKMARK [0][-]{chapter.10}{\376\377\000E\000x\000a\000m\000p\000l\000e\000\040\000A\000p\000p\000l\000i\000c\000a\000t\000i\000o\000n}{}% 59
\BOOKMARK [1][-]{section.10.1}{\376\377\000M\000e\000t\000h\000o\000d\000o\000l\000o\000g\000y}{chapter.10}% 60
\BOOKMARK [2][-]{subsection.10.1.1}{\376\377\000H\000V\000A\000C\000\040\000m\000o\000d\000e\000l}{section.10.1}% 61
\BOOKMARK [2][-]{subsection.10.1.2}{\376\377\000E\000n\000v\000e\000l\000o\000p\000e\000\040\000h\000e\000a\000t\000\040\000t\000r\000a\000n\000s\000f\000e\000r}{section.10.1}% 62
\BOOKMARK [2][-]{subsection.10.1.3}{\376\377\000I\000n\000t\000e\000r\000n\000a\000l\000\040\000l\000o\000a\000d\000s}{section.10.1}% 63
\BOOKMARK [2][-]{subsection.10.1.4}{\376\377\000M\000u\000l\000t\000i\000-\000z\000o\000n\000e\000\040\000a\000i\000r\000\040\000e\000x\000c\000h\000a\000n\000g\000e}{section.10.1}% 64
\BOOKMARK [2][-]{subsection.10.1.5}{\376\377\000C\000o\000n\000t\000r\000o\000l\000\040\000s\000e\000q\000u\000e\000n\000c\000e\000s}{section.10.1}% 65
\BOOKMARK [2][-]{subsection.10.1.6}{\376\377\000S\000i\000t\000e\000\040\000e\000l\000e\000c\000t\000r\000i\000c\000i\000t\000y\000\040\000u\000s\000e}{section.10.1}% 66
\BOOKMARK [2][-]{subsection.10.1.7}{\376\377\000S\000i\000m\000u\000l\000a\000t\000i\000o\000n\000s}{section.10.1}% 67
\BOOKMARK [1][-]{section.10.2}{\376\377\000P\000e\000r\000f\000o\000r\000m\000a\000n\000c\000e\000\040\000c\000o\000m\000p\000a\000r\000i\000s\000o\000n}{chapter.10}% 68
\BOOKMARK [1][-]{section.10.3}{\376\377\000I\000m\000p\000r\000o\000v\000e\000m\000e\000n\000t\000\040\000t\000o\000\040\000g\000u\000i\000d\000e\000l\000i\000n\000e\000\040\0003\0006\000\040\000s\000p\000e\000c\000i\000f\000i\000c\000a\000t\000i\000o\000n}{chapter.10}% 69
\BOOKMARK [2][-]{subsection.10.3.1}{\376\377\000F\000r\000e\000e\000z\000e\000\040\000p\000r\000o\000t\000e\000c\000t\000i\000o\000n\000\040\000f\000o\000r\000\040\000m\000i\000x\000e\000d\000\040\000a\000i\000r\000\040\000t\000e\000m\000p\000e\000r\000a\000t\000u\000r\000e}{section.10.3}% 70
\BOOKMARK [2][-]{subsection.10.3.2}{\376\377\000D\000e\000a\000d\000b\000a\000n\000d\000s\000\040\000f\000o\000r\000\040\000h\000a\000r\000d\000\040\000s\000w\000i\000t\000c\000h\000e\000s}{section.10.3}% 71
\BOOKMARK [2][-]{subsection.10.3.3}{\376\377\000A\000v\000e\000r\000a\000g\000i\000n\000g\000\040\000a\000i\000r\000\040\000f\000l\000o\000w\000\040\000m\000e\000a\000s\000u\000r\000e\000m\000e\000n\000t\000s}{section.10.3}% 72
\BOOKMARK [2][-]{subsection.10.3.4}{\376\377\000M\000i\000n\000o\000r\000\040\000e\000d\000i\000t\000o\000r\000i\000a\000l\000\040\000r\000e\000v\000i\000s\000i\000o\000n}{section.10.3}% 73
\BOOKMARK [2][-]{subsection.10.3.5}{\376\377\000C\000r\000o\000s\000s\000-\000r\000e\000f\000e\000r\000e\000n\000c\000i\000n\000g\000\040\000a\000n\000d\000\040\000m\000o\000d\000u\000l\000a\000r\000i\000z\000a\000t\000i\000o\000n}{section.10.3}% 74
\BOOKMARK [2][-]{subsection.10.3.6}{\376\377\000L\000e\000s\000s\000o\000n\000s\000\040\000l\000e\000a\000r\000n\000e\000d\000\040\000r\000e\000g\000a\000r\000d\000i\000n\000g\000\040\000t\000h\000e\000\040\000s\000i\000m\000u\000l\000a\000t\000i\000o\000n\000s}{section.10.3}% 75
\BOOKMARK [1][-]{section.10.4}{\376\377\000D\000i\000s\000c\000u\000s\000s\000i\000o\000n\000\040\000a\000n\000d\000\040\000c\000o\000n\000c\000l\000u\000s\000i\000o\000n\000s}{chapter.10}% 76
\BOOKMARK [0][-]{chapter.11}{\376\377\000G\000l\000o\000s\000s\000a\000r\000y}{}% 77
\BOOKMARK [0][-]{chapter.12}{\376\377\000A\000c\000k\000n\000o\000w\000l\000e\000d\000g\000m\000e\000n\000t\000s}{}% 78
\BOOKMARK [0][-]{chapter.13}{\376\377\000R\000e\000f\000e\000r\000e\000n\000c\000e\000s}{}% 79
\BOOKMARK [0][-]{chapter.13}{\376\377\000B\000i\000b\000l\000i\000o\000g\000r\000a\000p\000h\000y}{}% 80
\BOOKMARK [0][-]{section*.29}{\376\377\000I\000n\000d\000e\000x}{}% 81
